Added Component: Designator=*(SOT230P700X180-4N)
Added Component: Designator=C1(CAP_805)
Added Component: Designator=C2(CAP_805)
Added Component: Designator=C3(CAP_805)
Added Component: Designator=C4(CAP_805)
Added Component: Designator=C5(CAP_805)
Added Component: Designator=C6(CAP_805)
Added Component: Designator=L1(Led 1206)
Added Component: Designator=P1(HDR1X20)
Add component (AddParameter): Name = "LatestRevisionDate"; Value = "17-Jul-2002"; VariantName = "[No Variations]"
Add component (AddParameter): Name = "LatestRevisionNote"; Value = "Re-released for DXP Platform."; VariantName = "[No Variations]"
Add component (AddParameter): Name = "Publisher"; Value = "Altium Limited"; VariantName = "[No Variations]"
Added Component: Designator=P2(HDR1X10)
Add component (AddParameter): Name = "LatestRevisionDate"; Value = "17-Jul-2002"; VariantName = "[No Variations]"
Add component (AddParameter): Name = "LatestRevisionNote"; Value = "Re-released for DXP Platform."; VariantName = "[No Variations]"
Add component (AddParameter): Name = "Publisher"; Value = "Altium Limited"; VariantName = "[No Variations]"
Added Component: Designator=PROG(2 pin konnektor)
Added Component: Designator=R1(RES_1206)
Added Component: Designator=R2(RES_1206)
Added Component: Designator=R3(RES_1206)
Added Component: Designator=R4(RES_1206)
Added Component: Designator=R5(RES_1206)
Added Component: Designator=SW1(SW_1437566-3)
Add component (AddParameter): Name = "Availability"; Value = "Unavailable"; VariantName = "[No Variations]"
Add component (AddParameter): Name = "MF"; Value = ""; VariantName = "[No Variations]"
Add component (AddParameter): Name = "MP"; Value = "1437566-3"; VariantName = "[No Variations]"
Add component (AddParameter): Name = "Package"; Value = "None"; VariantName = "[No Variations]"
Add component (AddParameter): Name = "Price"; Value = "None"; VariantName = "[No Variations]"
Add component (AddParameter): Name = "Value"; Value = ""; VariantName = "[No Variations]"
Added Component: Designator=SW2(SW_1437566-3)
Add component (AddParameter): Name = "Availability"; Value = "Unavailable"; VariantName = "[No Variations]"
Add component (AddParameter): Name = "MF"; Value = ""; VariantName = "[No Variations]"
Add component (AddParameter): Name = "MP"; Value = "1437566-3"; VariantName = "[No Variations]"
Add component (AddParameter): Name = "Package"; Value = "None"; VariantName = "[No Variations]"
Add component (AddParameter): Name = "Price"; Value = "None"; VariantName = "[No Variations]"
Add component (AddParameter): Name = "Value"; Value = ""; VariantName = "[No Variations]"
Added Component: Designator=U1(MODULE_ESP32-WROOM-32D)
Add component (AddParameter): Name = "Availability"; Value = "In Stock"; VariantName = "[No Variations]"
Add component (AddParameter): Name = "Check_prices"; Value = "https://www.snapeda.com/parts/ESP32-WROOM-32D/Espressif+Systems/view-part/?ref=eda"; VariantName = "[No Variations]"
Add component (AddParameter): Name = "MF"; Value = "Espressif Systems"; VariantName = "[No Variations]"
Add component (AddParameter): Name = "MP"; Value = "ESP32-WROOM-32D"; VariantName = "[No Variations]"
Add component (AddParameter): Name = "Package"; Value = "Module Espressif Systems"; VariantName = "[No Variations]"
Add component (AddParameter): Name = "Price"; Value = "None"; VariantName = "[No Variations]"
Add component (AddParameter): Name = "Purchase-URL"; Value = "https://pricing.snapeda.com/search/part/ESP32-WROOM-32D/?ref=eda"; VariantName = "[No Variations]"
Add component (AddParameter): Name = "SnapEDA_Link"; Value = "https://www.snapeda.com/parts/ESP32-WROOM-32D/Espressif+Systems/view-part/?ref=snap"; VariantName = "[No Variations]"
Add component (AddParameter): Name = "Value"; Value = ""; VariantName = "[No Variations]"
Added Pin To Net: NetName=+12V Pin=*-3
Added Pin To Net: NetName=+12V Pin=C5-2
Added Net: Name=+12V
Added Pin To Net: NetName=EN Pin=C1-2
Added Pin To Net: NetName=EN Pin=R1-1
Added Pin To Net: NetName=EN Pin=SW1-2
Added Pin To Net: NetName=EN Pin=U1-3
Added Net: Name=EN
Added Pin To Net: NetName=GND Pin=C1-1
Added Pin To Net: NetName=GND Pin=C2-1
Added Pin To Net: NetName=GND Pin=C3-1
Added Pin To Net: NetName=GND Pin=C4-2
Added Pin To Net: NetName=GND Pin=C5-1
Added Pin To Net: NetName=GND Pin=C6-1
Added Pin To Net: NetName=GND Pin=L1-2
Added Pin To Net: NetName=GND Pin=P1-1
Added Pin To Net: NetName=GND Pin=R4-2
Added Pin To Net: NetName=GND Pin=SW1-1
Added Pin To Net: NetName=GND Pin=SW2-2
Added Pin To Net: NetName=GND Pin=U1-1
Added Pin To Net: NetName=GND Pin=U1-15
Added Pin To Net: NetName=GND Pin=U1-38
Added Pin To Net: NetName=GND Pin=U1-39_1
Added Pin To Net: NetName=GND Pin=U1-39_2
Added Pin To Net: NetName=GND Pin=U1-39_3
Added Pin To Net: NetName=GND Pin=U1-39_4
Added Pin To Net: NetName=GND Pin=U1-39_5
Added Pin To Net: NetName=GND Pin=U1-39_6
Added Pin To Net: NetName=GND Pin=U1-39_7
Added Pin To Net: NetName=GND Pin=U1-39_8
Added Pin To Net: NetName=GND Pin=U1-39_9
Added Pin To Net: NetName=GND Pin=U1-39_10
Added Pin To Net: NetName=GND Pin=U1-39_11
Added Pin To Net: NetName=GND Pin=U1-39_12
Added Pin To Net: NetName=GND Pin=U1-39_13
Added Pin To Net: NetName=GND Pin=U1-39_14
Added Pin To Net: NetName=GND Pin=U1-39_15
Added Pin To Net: NetName=GND Pin=U1-39_16
Added Pin To Net: NetName=GND Pin=U1-39_17
Added Pin To Net: NetName=GND Pin=U1-39_18
Added Pin To Net: NetName=GND Pin=U1-39_19
Added Pin To Net: NetName=GND Pin=U1-39_20
Added Pin To Net: NetName=GND Pin=U1-39_21
Added Net: Name=GND
Added Pin To Net: NetName=IO0 Pin=C4-1
Added Pin To Net: NetName=IO0 Pin=R2-1
Added Pin To Net: NetName=IO0 Pin=SW2-1
Added Pin To Net: NetName=IO0 Pin=U1-25
Added Net: Name=IO0
Added Pin To Net: NetName=LED REG Pin=*-2
Added Pin To Net: NetName=LED REG Pin=*-4
Added Pin To Net: NetName=LED REG Pin=C2-2
Added Pin To Net: NetName=LED REG Pin=C3-2
Added Pin To Net: NetName=LED REG Pin=R1-2
Added Pin To Net: NetName=LED REG Pin=R2-2
Added Pin To Net: NetName=LED REG Pin=R3-2
Added Pin To Net: NetName=LED REG Pin=R5-1
Added Pin To Net: NetName=LED REG Pin=U1-2
Added Net: Name=LED REG
Added Pin To Net: NetName=Net*_1 Pin=*-1
Added Pin To Net: NetName=Net*_1 Pin=R4-1
Added Pin To Net: NetName=Net*_1 Pin=R5-2
Added Net: Name=Net*_1
Added Pin To Net: NetName=NetL1_1 Pin=L1-1
Added Pin To Net: NetName=NetL1_1 Pin=R3-1
Added Net: Name=NetL1_1
Added Pin To Net: NetName=NetP1_2 Pin=P1-2
Added Pin To Net: NetName=NetP1_2 Pin=U1-24
Added Net: Name=NetP1_2
Added Pin To Net: NetName=NetP1_3 Pin=P1-3
Added Pin To Net: NetName=NetP1_3 Pin=U1-26
Added Net: Name=NetP1_3
Added Pin To Net: NetName=NetP1_4 Pin=P1-4
Added Pin To Net: NetName=NetP1_4 Pin=U1-29
Added Net: Name=NetP1_4
Added Pin To Net: NetName=NetP1_5 Pin=P1-5
Added Pin To Net: NetName=NetP1_5 Pin=U1-14
Added Net: Name=NetP1_5
Added Pin To Net: NetName=NetP1_6 Pin=P1-6
Added Pin To Net: NetName=NetP1_6 Pin=U1-16
Added Net: Name=NetP1_6
Added Pin To Net: NetName=NetP1_7 Pin=P1-7
Added Pin To Net: NetName=NetP1_7 Pin=U1-13
Added Net: Name=NetP1_7
Added Pin To Net: NetName=NetP1_8 Pin=P1-8
Added Pin To Net: NetName=NetP1_8 Pin=U1-23
Added Net: Name=NetP1_8
Added Pin To Net: NetName=NetP1_9 Pin=P1-9
Added Pin To Net: NetName=NetP1_9 Pin=U1-27
Added Net: Name=NetP1_9
Added Pin To Net: NetName=NetP1_10 Pin=P1-10
Added Pin To Net: NetName=NetP1_10 Pin=U1-28
Added Net: Name=NetP1_10
Added Pin To Net: NetName=NetP1_11 Pin=P1-11
Added Pin To Net: NetName=NetP1_11 Pin=U1-30
Added Net: Name=NetP1_11
Added Pin To Net: NetName=NetP1_12 Pin=P1-12
Added Pin To Net: NetName=NetP1_12 Pin=U1-31
Added Net: Name=NetP1_12
Added Pin To Net: NetName=NetP1_13 Pin=P1-13
Added Pin To Net: NetName=NetP1_13 Pin=U1-33
Added Net: Name=NetP1_13
Added Pin To Net: NetName=NetP1_14 Pin=P1-14
Added Pin To Net: NetName=NetP1_14 Pin=U1-36
Added Net: Name=NetP1_14
Added Pin To Net: NetName=NetP1_15 Pin=P1-15
Added Pin To Net: NetName=NetP1_15 Pin=U1-37
Added Net: Name=NetP1_15
Added Pin To Net: NetName=NetP1_16 Pin=P1-16
Added Pin To Net: NetName=NetP1_16 Pin=U1-10
Added Net: Name=NetP1_16
Added Pin To Net: NetName=NetP1_17 Pin=P1-17
Added Pin To Net: NetName=NetP1_17 Pin=U1-11
Added Net: Name=NetP1_17
Added Pin To Net: NetName=NetP1_18 Pin=P1-18
Added Pin To Net: NetName=NetP1_18 Pin=U1-12
Added Net: Name=NetP1_18
Added Pin To Net: NetName=NetP1_19 Pin=P1-19
Added Pin To Net: NetName=NetP1_19 Pin=U1-8
Added Net: Name=NetP1_19
Added Pin To Net: NetName=NetP1_20 Pin=P1-20
Added Pin To Net: NetName=NetP1_20 Pin=U1-9
Added Net: Name=NetP1_20
Added Pin To Net: NetName=NetP2_1 Pin=P2-1
Added Pin To Net: NetName=NetP2_1 Pin=U1-18
Added Net: Name=NetP2_1
Added Pin To Net: NetName=NetP2_2 Pin=P2-2
Added Pin To Net: NetName=NetP2_2 Pin=U1-17
Added Net: Name=NetP2_2
Added Pin To Net: NetName=NetP2_3 Pin=P2-3
Added Pin To Net: NetName=NetP2_3 Pin=U1-22
Added Net: Name=NetP2_3
Added Pin To Net: NetName=NetP2_4 Pin=P2-4
Added Pin To Net: NetName=NetP2_4 Pin=U1-21
Added Net: Name=NetP2_4
Added Pin To Net: NetName=NetP2_5 Pin=P2-5
Added Pin To Net: NetName=NetP2_5 Pin=U1-20
Added Net: Name=NetP2_5
Added Pin To Net: NetName=NetP2_6 Pin=P2-6
Added Pin To Net: NetName=NetP2_6 Pin=U1-19
Added Net: Name=NetP2_6
Added Pin To Net: NetName=NetP2_7 Pin=P2-7
Added Pin To Net: NetName=NetP2_7 Pin=U1-7
Added Net: Name=NetP2_7
Added Pin To Net: NetName=NetP2_8 Pin=P2-8
Added Pin To Net: NetName=NetP2_8 Pin=U1-6
Added Net: Name=NetP2_8
Added Pin To Net: NetName=NetP2_9 Pin=P2-9
Added Pin To Net: NetName=NetP2_9 Pin=U1-5
Added Net: Name=NetP2_9
Added Pin To Net: NetName=NetP2_10 Pin=P2-10
Added Pin To Net: NetName=NetP2_10 Pin=U1-4
Added Net: Name=NetP2_10
Added Pin To Net: NetName=NetPROG_1 Pin=PROG-1
Added Pin To Net: NetName=NetPROG_1 Pin=U1-34
Added Net: Name=NetPROG_1
Added Pin To Net: NetName=NetPROG_2 Pin=PROG-2
Added Pin To Net: NetName=NetPROG_2 Pin=U1-35
Added Net: Name=NetPROG_2
Added Class: Name=Sheet1
