Removed Pin From Net: NetName=GND Pin=C7-1
Removed Pin From Net: NetName=GND Pin=C8-1
Removed Pin From Net: NetName=+3V3 Pin=C8-2
Removed Pin From Net: NetName=GND Pin=C9-1
Removed Pin From Net: NetName=+3V3 Pin=C9-2
Removed Pin From Net: NetName=GND Pin=C10-1
Removed Pin From Net: NetName=+3V3 Pin=C10-2
Removed Pin From Net: NetName=GND Pin=C11-1
Removed Pin From Net: NetName=GND Pin=C12-1
Removed Pin From Net: NetName=FREE_FALL Pin=CON2-1
Removed Pin From Net: NetName=GND Pin=CON2-2
Removed Pin From Net: NetName=TX_BTH Pin=CON3-1
Removed Pin From Net: NetName=RX_BTH Pin=CON3-2
Removed Pin From Net: NetName=+12V_D Pin=D2-A
Removed Pin From Net: NetName=+12V Pin=D2-C
Removed Pin From Net: NetName=SDA Pin=Designator142-1
Removed Pin From Net: NetName=SDA Pin=Designator142-2
Removed Pin From Net: NetName=FREE_FALL Pin=Designator144-1
Removed Pin From Net: NetName=FREE_FALL Pin=Designator144-2
Removed Pin From Net: NetName=GND Pin=PROG-2
Removed Pin From Net: NetName=+3V3 Pin=R10-2
Removed Pin From Net: NetName=+3V3 Pin=R17-2
Removed Pin From Net: NetName=GND Pin=SW1-1
Removed Pin From Net: NetName=+3V3 Pin=U4-4
Removed Pin From Net: NetName=GND Pin=U4-5
Removed Pin From Net: NetName=+3V3 Pin=U4-6
Removed Pin From Net: NetName=LED PWR Pin=U4-9
Removed Pin From Net: NetName=LED CNTRL Pin=U4-10
Removed Pin From Net: NetName=LEDSÝGN Pin=U4-14
Removed Pin From Net: NetName=+3V3 Pin=U4-18
Removed Pin From Net: NetName=GND Pin=U4-21
Removed Pin From Net: NetName=BATTERY Pin=U4-23
Removed Pin From Net: NetName=SDA Pin=U4-27
Removed Pin From Net: NetName=SCL Pin=U4-28
Removed Pin From Net: NetName=FREE_FALL Pin=U4-32
Removed Member From Class: ClassName=Sheet5 Member=C7
Removed Member From Class: ClassName=Sheet5 Member=C8
Removed Member From Class: ClassName=Sheet5 Member=C9
Removed Member From Class: ClassName=Sheet5 Member=C10
Removed Member From Class: ClassName=Sheet5 Member=C11
Removed Member From Class: ClassName=Sheet5 Member=C12
Removed Member From Class: ClassName=Sheet5 Member=CON2
Removed Member From Class: ClassName=Sheet5 Member=CYS1
Removed Member From Class: ClassName=Sheet2 Member=D2
Removed Member From Class: ClassName=Sheet5 Member=PROG
Removed Member From Class: ClassName=Sheet5 Member=R17
Removed Member From Class: ClassName=Sheet5 Member=SW1
Change Component Footprint: Designator=U4 Old Footprint=QFP80P900X900X120-32N New Footprint=BNO055
Change Component Comment : Designator=U4 Old Comment=ATMEGA328P-AU New Comment=BNO055
Change component parameters: Designator = "U4" ("U4"); Footprint = "QFP80P900X900X120-32N"; UniqueID = "\TXBTCONB" ("\TXBTCONB")
Added Component: Designator=*(BLUEPILL)
Added Component: Designator=BZ1(CMI-9605IC)
Add component (AddParameter): Name = "Designed by"; Value = "Ahmet Azboy"; VariantName = "[No Variations]"
Added Component: Designator=C14(CAP_805)
Added Component: Designator=D(DO214AA)
Add component (AddParameter): Name = "Case/Package"; Value = "DO214AA"; VariantName = "[No Variations]"
Add component (AddParameter): Name = "Current"; Value = "3A"; VariantName = "[No Variations]"
Add component (AddParameter): Name = "Voltage"; Value = "1000V"; VariantName = "[No Variations]"
Added Component: Designator=KLM2(5.08mm-2 pin)
Added Component: Designator=KLM3(5.08mm-2 pin)
Added Component: Designator=L6(Led 1206)
Added Component: Designator=Q1(SOT-23)
Add component (AddParameter): Name = "Case/Package"; Value = "SOT-23"; VariantName = "[No Variations]"
Add component (AddParameter): Name = "Current"; Value = "500 mA"; VariantName = "[No Variations]"
Add component (AddParameter): Name = "Voltage"; Value = "45V"; VariantName = "[No Variations]"
Added Component: Designator=R13(RES_1206)
Added Component: Designator=R19(RES_1206)
Added Component: Designator=R20(RES_1206)
Added Pin To Net: NetName=FREE_FALL Pin=*-4
Added Pin To Net: NetName=BATTERY Pin=*-11
Added Pin To Net: NetName=LEDSÝGN Pin=*-17
Added Pin To Net: NetName=LED CNTRL Pin=*-18
Added Pin To Net: NetName=LED PWR Pin=*-19
Added Pin To Net: NetName=TX_BTH Pin=*-21
Added Pin To Net: NetName=RX_BTH Pin=*-22
Added Pin To Net: NetName=+3V3 Pin=*-23
Added Pin To Net: NetName=+3V3 Pin=*-23
Added Pin To Net: NetName=GND Pin=*-24
Added Pin To Net: NetName=GND Pin=*-24
Added Pin To Net: NetName=GND Pin=*-24
Added Pin To Net: NetName=SCL Pin=*-42
Added Pin To Net: NetName=SDA Pin=*-43
Added Pin To Net: NetName=+12V Pin=BZ1-1
Added Pin To Net: NetName=+12V Pin=C14-1
Added Pin To Net: NetName=GND Pin=C14-2
Added Pin To Net: NetName=RX_BTH Pin=CON3-1
Added Pin To Net: NetName=TX_BTH Pin=CON3-2
Added Pin To Net: NetName=+12V_D Pin=D-1
Added Pin To Net: NetName=+12V Pin=D-2
Added Pin To Net: NetName=FREE_FALL Pin=KLM2-1
Added Pin To Net: NetName=GND Pin=KLM2-2
Added Pin To Net: NetName=NetL6_1 Pin=L6-1
Added Pin To Net: NetName=GND Pin=L6-2
Added Pin To Net: NetName=GND Pin=Q1-2
Added Pin To Net: NetName=LED REG Pin=R10-2
Added Pin To Net: NetName=NetL6_1 Pin=R13-1
Added Pin To Net: NetName=LEDSÝGN Pin=R13-2
Added Pin To Net: NetName=GND Pin=R20-1
Added Pin To Net: NetName=+3V3 Pin=U4-2
Added Pin To Net: NetName=SDA Pin=U4-4
Added Pin To Net: NetName=SCL Pin=U4-5
Added Pin To Net: NetName=Buzzer Pin=R19-2
Added Net: Name=Buzzer
Added Pin To Net: NetName=CNTRL_RX Pin=*-13
Added Pin To Net: NetName=CNTRL_RX Pin=CON1-2
Added Pin To Net: NetName=CNTRL_RX Pin=KLM3-1
Added Net: Name=CNTRL_RX
Added Pin To Net: NetName=CNTRL_TX Pin=*-12
Added Pin To Net: NetName=CNTRL_TX Pin=CON1-1
Added Pin To Net: NetName=CNTRL_TX Pin=KLM3-2
Added Net: Name=CNTRL_TX
Added Pin To Net: NetName=GPS_RX Pin=*-31
Added Pin To Net: NetName=GPS_RX Pin=U2-2
Added Net: Name=GPS_RX
Added Pin To Net: NetName=GPS_TX Pin=*-30
Added Pin To Net: NetName=GPS_TX Pin=U2-1
Added Net: Name=GPS_TX
Added Pin To Net: NetName=NetBZ1_2 Pin=BZ1-2
Added Pin To Net: NetName=NetBZ1_2 Pin=Q1-3
Added Net: Name=NetBZ1_2
Added Pin To Net: NetName=NetQ1_1 Pin=Q1-1
Added Pin To Net: NetName=NetQ1_1 Pin=R19-1
Added Pin To Net: NetName=NetQ1_1 Pin=R20-2
Added Net: Name=NetQ1_1
Added Member To Class: ClassName=Sheet5 Member=Component * BluePill
Added Member To Class: ClassName=Sheet5 Member=Component BZ1 Buzzer
Added Member To Class: ClassName=Sheet5 Member=Component C14 100nF
Added Member To Class: ClassName=Sheet2 Member=Component D S3M Diyot
Added Member To Class: ClassName=Sheet5 Member=Component KLM2 2 Pin Klemens
Added Member To Class: ClassName=Sheet5 Member=Component KLM3 2 Pin Klemens
Added Member To Class: ClassName=Sheet5 Member=Component L6 Led Red
Added Member To Class: ClassName=Sheet5 Member=Component Q1 BC817-40-HT NPN
Added Member To Class: ClassName=Sheet5 Member=Component R13 RES 220R 1206
Added Member To Class: ClassName=Sheet5 Member=Component R19 150R
Added Member To Class: ClassName=Sheet5 Member=Component R20 RES 4.7K 1206
