Removed Pin From Net: NetName=GND Pin=C8-1
Removed Pin From Net: NetName=+3V3 Pin=C8-2
Removed Pin From Net: NetName=GND Pin=C9-1
Removed Pin From Net: NetName=+3V3 Pin=C9-2
Removed Pin From Net: NetName=GND Pin=C10-1
Removed Pin From Net: NetName=+3V3 Pin=C10-2
Removed Pin From Net: NetName=GND Pin=C11-1
Removed Pin From Net: NetName=GND Pin=C12-1
Removed Pin From Net: NetName=GND Pin=C15-1
Removed Pin From Net: NetName=+3V3 Pin=C15-2
Removed Pin From Net: NetName=GND Pin=C16-1
Removed Pin From Net: NetName=+3V3 Pin=C16-2
Removed Pin From Net: NetName=GND Pin=C17-1
Removed Pin From Net: NetName=+3V3 Pin=C17-2
Removed Pin From Net: NetName=GND Pin=C18-2
Removed Pin From Net: NetName=GND Pin=C?-1
Remove Pin from Net: Failed to remove Pin
Remove Pin from Net: Failed to remove Pin
Removed Pin From Net: NetName=GND Pin=CON2-1
Removed Pin From Net: NetName=+3V3 Pin=CON2-4
Removed Pin From Net: NetName=GND Pin=J1-5
Removed Pin From Net: NetName=GND Pin=J1-S1
Removed Pin From Net: NetName=GND Pin=J1-S2
Removed Pin From Net: NetName=GND Pin=J1-S3
Removed Pin From Net: NetName=GND Pin=J1-S4
Removed Pin From Net: NetName=GND Pin=L?-2
Removed Pin From Net: NetName=+3V3 Pin=R17-2
Removed Pin From Net: NetName=GND Pin=R24-1
Removed Pin From Net: NetName=GND Pin=SW1-1
Removed Pin From Net: NetName=+3V3 Pin=U5-1
Removed Pin From Net: NetName=GND Pin=U5-8
Removed Pin From Net: NetName=+3V3 Pin=U5-9
Removed Pin From Net: NetName=CNTRL_TX Pin=U5-12
Removed Pin From Net: NetName=CNTRL_RX Pin=U5-13
Removed Pin From Net: NetName=FREE_FALL Pin=U5-18
Removed Pin From Net: NetName=LEDSÝGN Pin=U5-19
Removed Pin From Net: NetName=TX_BTH Pin=U5-21
Removed Pin From Net: NetName=RX_BTH Pin=U5-22
Removed Pin From Net: NetName=GND Pin=U5-23
Removed Pin From Net: NetName=+3V3 Pin=U5-24
Removed Pin From Net: NetName=GPS_TX Pin=U5-30
Removed Pin From Net: NetName=GPS_RX Pin=U5-31
Removed Pin From Net: NetName=GND Pin=U5-35
Removed Pin From Net: NetName=LED CNTRL Pin=U5-39
Removed Pin From Net: NetName=SCL Pin=U5-42
Removed Pin From Net: NetName=SDA Pin=U5-43
Removed Pin From Net: NetName=GND Pin=U5-48
Removed Pin From Net: NetName=GND Pin=U?-1
Removed Pin From Net: NetName=+12V Pin=U?-3
Removed Member From Class: ClassName=Sheet5 Member=C8
Removed Member From Class: ClassName=Sheet5 Member=C9
Removed Member From Class: ClassName=Sheet5 Member=C10
Removed Member From Class: ClassName=Sheet5 Member=C11
Removed Member From Class: ClassName=Sheet5 Member=C12
Removed Member From Class: ClassName=Sheet5 Member=C15
Removed Member From Class: ClassName=Sheet5 Member=C16
Removed Member From Class: ClassName=Sheet5 Member=C17
Removed Member From Class: ClassName=Sheet5 Member=C18
Removed Member From Class: ClassName=Sheet2 Member=C?
Removed Member From Class: ClassName=Sheet5 Member=CON2
Removed Member From Class: ClassName=Sheet5 Member=CYS1
Removed Member From Class: ClassName=Sheet5 Member=J1
Removed Member From Class: ClassName=Sheet2 Member=L?
Removed Member From Class: ClassName=Sheet5 Member=R17
Removed Member From Class: ClassName=Sheet5 Member=R21
Removed Member From Class: ClassName=Sheet5 Member=R22
Removed Member From Class: ClassName=Sheet5 Member=R23
Removed Member From Class: ClassName=Sheet5 Member=R24
Removed Member From Class: ClassName=Sheet2 Member=R?
Removed Member From Class: ClassName=Sheet5 Member=SW1
Removed Member From Class: ClassName=Sheet5 Member=U5
Removed Member From Class: ClassName=Sheet2 Member=U?
Change Component Designator: OldDesignator=* NewDesignator=U4
Added Component: Designator=*(BLUEPILL)
Added Component: Designator=CON1(2 PIN 2.54MM)
Added Pin To Net: NetName=FREE_FALL Pin=*-4
Added Pin To Net: NetName=BATTERY Pin=*-11
Added Pin To Net: NetName=CNTRL_TX Pin=*-12
Added Pin To Net: NetName=CNTRL_RX Pin=*-13
Added Pin To Net: NetName=LEDSÝGN Pin=*-17
Added Pin To Net: NetName=LED CNTRL Pin=*-18
Added Pin To Net: NetName=LED PWR Pin=*-19
Added Pin To Net: NetName=TX_BTH Pin=*-21
Added Pin To Net: NetName=RX_BTH Pin=*-22
Added Pin To Net: NetName=+3V3 Pin=*-23
Added Pin To Net: NetName=+3V3 Pin=*-23
Added Pin To Net: NetName=GND Pin=*-24
Added Pin To Net: NetName=GND Pin=*-24
Added Pin To Net: NetName=GND Pin=*-24
Added Pin To Net: NetName=GPS_TX Pin=*-30
Added Pin To Net: NetName=GPS_RX Pin=*-31
Added Pin To Net: NetName=SCL Pin=*-42
Added Pin To Net: NetName=SDA Pin=*-43
Added Pin To Net: NetName=CNTRL_TX Pin=CON1-1
Added Pin To Net: NetName=CNTRL_RX Pin=CON1-2
Added Member To Class: ClassName=Sheet2 Member=Component CON1 2 PIN KON
Added Member To Class: ClassName=Sheet2 Member=Component D S3M Diyot
Added Member To Class: ClassName=Sheet2 Member=Component IC1 LM317DCYR
Added Member To Class: ClassName=Sheet5 Member=Component U4 BNO055
