Added Component: Designator=*1(DPAK229P990X239-4N)
Added Component: Designator=D1(DO214AA)
Add component (AddParameter): Name = "Case/Package"; Value = "DO214AA"; VariantName = "[No Variations]"
Add component (AddParameter): Name = "Current"; Value = "3A"; VariantName = "[No Variations]"
Add component (AddParameter): Name = "Voltage"; Value = "1000V"; VariantName = "[No Variations]"
Added Component: Designator=KLM1(5.08mm-2 pin)
Added Component: Designator=KLM2(5.08mm-2 pin)
Added Component: Designator=KLM3(5.08mm-2 pin)
Added Component: Designator=KLM4(5.08mm-2 pin)
Added Component: Designator=R1(RES_1206)
Added Pin To Net: NetName=GND Pin=KLM1-1
Added Pin To Net: NetName=GND Pin=KLM4-2
Added Net: Name=GND
Added Pin To Net: NetName=Net*1_3 Pin=*1-3
Added Pin To Net: NetName=Net*1_3 Pin=R1-2
Added Net: Name=Net*1_3
Added Pin To Net: NetName=Net*1_4 Pin=*1-4
Added Pin To Net: NetName=Net*1_4 Pin=D1-2
Added Pin To Net: NetName=Net*1_4 Pin=KLM2-1
Added Net: Name=Net*1_4
Added Pin To Net: NetName=NetKLM3_1 Pin=KLM3-1
Added Pin To Net: NetName=NetKLM3_1 Pin=R1-1
Added Net: Name=NetKLM3_1
Added Pin To Net: NetName=VCC Pin=D1-1
Added Pin To Net: NetName=VCC Pin=KLM1-2
Added Pin To Net: NetName=VCC Pin=KLM3-2
Added Net: Name=VCC
Added Pin To Net: NetName=Vout Pin=*1-1
Added Pin To Net: NetName=Vout Pin=KLM2-2
Added Pin To Net: NetName=Vout Pin=KLM4-1
Added Net: Name=Vout
Added Class: Name=Sheet1
