Added Component: Designator=*(SOT230P700X180-4N)
Added Component: Designator=C1(CAP_805)
Added Component: Designator=C2(CAP_805)
Added Component: Designator=C3(CAP_805)
Added Component: Designator=C4(CAP_805)
Added Component: Designator=C5(CAP_805)
Added Component: Designator=C6(CAP_805)
Added Component: Designator=C7(CAP_805)
Added Component: Designator=C8(CAP_805)
Added Component: Designator=C9(CAP_805)
Added Component: Designator=C10(CAP_805)
Added Component: Designator=C11(CAP_805)
Added Component: Designator=C12(CAP_805)
Added Component: Designator=CON1(4 PIN 2.54MM)
Added Component: Designator=CON_I2C(2 PIN 2.54MM)
Added Component: Designator=CON_UART(4 PIN 2.54MM)
Added Component: Designator=CYS1(Kristal - HC-49Us -smd)
Added Component: Designator=D(DO214AA)
Add component (AddParameter): Name = "Case/Package"; Value = "DO214AA"; VariantName = "[No Variations]"
Add component (AddParameter): Name = "Current"; Value = "3A"; VariantName = "[No Variations]"
Add component (AddParameter): Name = "Voltage"; Value = "1000V"; VariantName = "[No Variations]"
Added Component: Designator=J1(65100516121)
Add component (AddParameter): Name = "Availability"; Value = "In Stock"; VariantName = "[No Variations]"
Add component (AddParameter): Name = "Check_prices"; Value = "https://www.snapeda.com/parts/65100516121/Wurth+Elektronik/view-part/?ref=eda"; VariantName = "[No Variations]"
Add component (AddParameter): Name = "MF"; Value = "Würth Elektronik"; VariantName = "[No Variations]"
Add component (AddParameter): Name = "MP"; Value = "65100516121"; VariantName = "[No Variations]"
Add component (AddParameter): Name = "Package"; Value = "None"; VariantName = "[No Variations]"
Add component (AddParameter): Name = "Price"; Value = "None"; VariantName = "[No Variations]"
Add component (AddParameter): Name = "Purchase-URL"; Value = "https://pricing.snapeda.com/search/part/65100516121/?ref=eda"; VariantName = "[No Variations]"
Add component (AddParameter): Name = "SnapEDA_Link"; Value = "https://www.snapeda.com/parts/65100516121/Wurth+Elektronik/view-part/?ref=snap"; VariantName = "[No Variations]"
Add component (AddParameter): Name = "Value"; Value = ""; VariantName = "[No Variations]"
Added Component: Designator=L1(Led 1206)
Added Component: Designator=L2(Led 1206)
Added Component: Designator=L3(Led 1206)
Added Component: Designator=L4(Led 1206)
Added Component: Designator=PWR(5.08mm-2 pin)
Added Component: Designator=R1(RES_1206)
Added Component: Designator=R2(RES_1206)
Added Component: Designator=R3(RES_1206)
Added Component: Designator=R4(RES_1206)
Added Component: Designator=R5(RES_1206)
Added Component: Designator=R6(RES_1206)
Added Component: Designator=R7(RES_1206)
Added Component: Designator=R8(RES_1206)
Added Component: Designator=R9(RES_1206)
Added Component: Designator=R10(RES_1206)
Added Component: Designator=R11(RES_1206)
Added Component: Designator=R12(RES_1206)
Added Component: Designator=SW1(SW_1437566-3)
Add component (AddParameter): Name = "Availability"; Value = "Unavailable"; VariantName = "[No Variations]"
Add component (AddParameter): Name = "MF"; Value = ""; VariantName = "[No Variations]"
Add component (AddParameter): Name = "MP"; Value = "1437566-3"; VariantName = "[No Variations]"
Add component (AddParameter): Name = "Package"; Value = "None"; VariantName = "[No Variations]"
Add component (AddParameter): Name = "Price"; Value = "None"; VariantName = "[No Variations]"
Add component (AddParameter): Name = "Value"; Value = ""; VariantName = "[No Variations]"
Added Component: Designator=SW2(SW_1437566-3)
Add component (AddParameter): Name = "Availability"; Value = "Unavailable"; VariantName = "[No Variations]"
Add component (AddParameter): Name = "MF"; Value = ""; VariantName = "[No Variations]"
Add component (AddParameter): Name = "MP"; Value = "1437566-3"; VariantName = "[No Variations]"
Add component (AddParameter): Name = "Package"; Value = "None"; VariantName = "[No Variations]"
Add component (AddParameter): Name = "Price"; Value = "None"; VariantName = "[No Variations]"
Add component (AddParameter): Name = "Value"; Value = ""; VariantName = "[No Variations]"
Added Component: Designator=U1(UFQFPN48)
Added Component: Designator=U2(AMS1117)
Add component (AddParameter): Name = "Case/Package"; Value = "SOT-89"; VariantName = "[No Variations]"
Add component (AddParameter): Name = "Vmax"; Value = "12V"; VariantName = "[No Variations]"
Add component (AddParameter): Name = "Iout"; Value = "1A"; VariantName = "[No Variations]"
Added Pin To Net: NetName=+3V3 Pin=*-2
Added Pin To Net: NetName=+3V3 Pin=*-4
Added Pin To Net: NetName=+3V3 Pin=C4-2
Added Pin To Net: NetName=+3V3 Pin=C5-2
Added Pin To Net: NetName=+3V3 Pin=C6-2
Added Pin To Net: NetName=+3V3 Pin=C7-2
Added Pin To Net: NetName=+3V3 Pin=C10-1
Added Pin To Net: NetName=+3V3 Pin=CON1-4
Added Pin To Net: NetName=+3V3 Pin=R1-1
Added Pin To Net: NetName=+3V3 Pin=R3-1
Added Pin To Net: NetName=+3V3 Pin=R8-2
Added Pin To Net: NetName=+3V3 Pin=R12-2
Added Pin To Net: NetName=+3V3 Pin=SW2-2
Added Pin To Net: NetName=+3V3 Pin=U1-1
Added Pin To Net: NetName=+3V3 Pin=U1-9
Added Pin To Net: NetName=+3V3 Pin=U1-24
Added Pin To Net: NetName=+3V3 Pin=U1-36
Added Pin To Net: NetName=+3V3 Pin=U1-48
Added Pin To Net: NetName=+3V3 Pin=U2-2
Added Net: Name=+3V3
Added Pin To Net: NetName=+12V Pin=D-1
Added Pin To Net: NetName=+12V Pin=PWR-1
Added Net: Name=+12V
Added Pin To Net: NetName=BOOT0 Pin=R10-1
Added Pin To Net: NetName=BOOT0 Pin=U1-44
Added Net: Name=BOOT0
Added Pin To Net: NetName=BOOT1 Pin=R6-1
Added Pin To Net: NetName=BOOT1 Pin=U1-20
Added Net: Name=BOOT1
Added Pin To Net: NetName=GND Pin=C1-2
Added Pin To Net: NetName=GND Pin=C2-2
Added Pin To Net: NetName=GND Pin=C3-1
Added Pin To Net: NetName=GND Pin=C4-1
Added Pin To Net: NetName=GND Pin=C5-1
Added Pin To Net: NetName=GND Pin=C6-1
Added Pin To Net: NetName=GND Pin=C7-1
Added Pin To Net: NetName=GND Pin=C8-2
Added Pin To Net: NetName=GND Pin=C9-2
Added Pin To Net: NetName=GND Pin=C10-2
Added Pin To Net: NetName=GND Pin=C11-1
Added Pin To Net: NetName=GND Pin=C12-1
Added Pin To Net: NetName=GND Pin=CON1-1
Added Pin To Net: NetName=GND Pin=J1-5
Added Pin To Net: NetName=GND Pin=J1-S1
Added Pin To Net: NetName=GND Pin=J1-S2
Added Pin To Net: NetName=GND Pin=J1-S3
Added Pin To Net: NetName=GND Pin=J1-S4
Added Pin To Net: NetName=GND Pin=L1-2
Added Pin To Net: NetName=GND Pin=L2-2
Added Pin To Net: NetName=GND Pin=L3-2
Added Pin To Net: NetName=GND Pin=L4-2
Added Pin To Net: NetName=GND Pin=PWR-2
Added Pin To Net: NetName=GND Pin=R2-2
Added Pin To Net: NetName=GND Pin=R6-2
Added Pin To Net: NetName=GND Pin=R10-2
Added Pin To Net: NetName=GND Pin=SW1-1
Added Pin To Net: NetName=GND Pin=SW2-1
Added Pin To Net: NetName=GND Pin=U1-8
Added Pin To Net: NetName=GND Pin=U1-23
Added Pin To Net: NetName=GND Pin=U1-35
Added Pin To Net: NetName=GND Pin=U1-47
Added Pin To Net: NetName=GND Pin=U2-3
Added Net: Name=GND
Added Pin To Net: NetName=Net*_1 Pin=*-1
Added Pin To Net: NetName=Net*_1 Pin=R2-1
Added Pin To Net: NetName=Net*_1 Pin=R3-2
Added Net: Name=Net*_1
Added Pin To Net: NetName=Net*_3 Pin=*-3
Added Pin To Net: NetName=Net*_3 Pin=C2-1
Added Pin To Net: NetName=Net*_3 Pin=D-2
Added Net: Name=Net*_3
Added Pin To Net: NetName=NetC9_1 Pin=C9-1
Added Pin To Net: NetName=NetC9_1 Pin=J1-1
Added Pin To Net: NetName=NetC9_1 Pin=U2-1
Added Net: Name=NetC9_1
Added Pin To Net: NetName=NetCON_I2C_1 Pin=CON_I2C-1
Added Pin To Net: NetName=NetCON_I2C_1 Pin=U1-42
Added Net: Name=NetCON_I2C_1
Added Pin To Net: NetName=NetCON_I2C_2 Pin=CON_I2C-2
Added Pin To Net: NetName=NetCON_I2C_2 Pin=U1-43
Added Net: Name=NetCON_I2C_2
Added Pin To Net: NetName=NetCON_UART_1 Pin=CON_UART-1
Added Pin To Net: NetName=NetCON_UART_1 Pin=U1-31
Added Net: Name=NetCON_UART_1
Added Pin To Net: NetName=NetCON_UART_2 Pin=CON_UART-2
Added Pin To Net: NetName=NetCON_UART_2 Pin=U1-30
Added Net: Name=NetCON_UART_2
Added Pin To Net: NetName=NetCON_UART_3 Pin=CON_UART-3
Added Pin To Net: NetName=NetCON_UART_3 Pin=U1-13
Added Net: Name=NetCON_UART_3
Added Pin To Net: NetName=NetCON_UART_4 Pin=CON_UART-4
Added Pin To Net: NetName=NetCON_UART_4 Pin=U1-12
Added Net: Name=NetCON_UART_4
Added Pin To Net: NetName=NetL1_1 Pin=L1-1
Added Pin To Net: NetName=NetL1_1 Pin=R1-2
Added Net: Name=NetL1_1
Added Pin To Net: NetName=NetL2_1 Pin=L2-1
Added Pin To Net: NetName=NetL2_1 Pin=R5-1
Added Net: Name=NetL2_1
Added Pin To Net: NetName=NetL3_1 Pin=L3-1
Added Pin To Net: NetName=NetL3_1 Pin=R7-1
Added Net: Name=NetL3_1
Added Pin To Net: NetName=NetL4_1 Pin=L4-1
Added Pin To Net: NetName=NetL4_1 Pin=R4-1
Added Net: Name=NetL4_1
Added Pin To Net: NetName=NetLabel14 Pin=U1-45
Added Net: Name=NetLabel14
Added Pin To Net: NetName=NetLabel15 Pin=U1-46
Added Net: Name=NetLabel15
Added Pin To Net: NetName=NetLabel16 Pin=U1-40
Added Net: Name=NetLabel16
Added Pin To Net: NetName=NetLabel17 Pin=U1-29
Added Net: Name=NetLabel17
Added Pin To Net: NetName=NetLabel18 Pin=U1-21
Added Net: Name=NetLabel18
Added Pin To Net: NetName=NetLabel19 Pin=U1-25
Added Net: Name=NetLabel19
Added Pin To Net: NetName=NetLabel20 Pin=U1-26
Added Net: Name=NetLabel20
Added Pin To Net: NetName=NetLabel21 Pin=U1-27
Added Net: Name=NetLabel21
Added Pin To Net: NetName=NetLabel22 Pin=U1-28
Added Net: Name=NetLabel22
Added Pin To Net: NetName=NetR5_2 Pin=R5-2
Added Pin To Net: NetName=NetR5_2 Pin=U1-14
Added Net: Name=NetR5_2
Added Pin To Net: NetName=NetR7_2 Pin=R7-2
Added Pin To Net: NetName=NetR7_2 Pin=U1-15
Added Net: Name=NetR7_2
Added Pin To Net: NetName=NRST Pin=C3-2
Added Pin To Net: NetName=NRST Pin=R8-1
Added Pin To Net: NetName=NRST Pin=SW1-2
Added Pin To Net: NetName=NRST Pin=U1-7
Added Net: Name=NRST
Added Pin To Net: NetName=OSC_IN Pin=C11-2
Added Pin To Net: NetName=OSC_IN Pin=CYS1-1
Added Pin To Net: NetName=OSC_IN Pin=U1-5
Added Net: Name=OSC_IN
Added Pin To Net: NetName=OSC_OUT Pin=C12-2
Added Pin To Net: NetName=OSC_OUT Pin=CYS1-2
Added Pin To Net: NetName=OSC_OUT Pin=U1-6
Added Net: Name=OSC_OUT
Added Pin To Net: NetName=PA11 Pin=R9-2
Added Pin To Net: NetName=PA11 Pin=R12-1
Added Pin To Net: NetName=PA11 Pin=U1-32
Added Net: Name=PA11
Added Pin To Net: NetName=PA12 Pin=R11-2
Added Pin To Net: NetName=PA12 Pin=U1-33
Added Net: Name=PA12
Added Pin To Net: NetName=SWCLK Pin=CON1-3
Added Pin To Net: NetName=SWCLK Pin=R4-2
Added Pin To Net: NetName=SWCLK Pin=U1-37
Added Net: Name=SWCLK
Added Pin To Net: NetName=SWDIO Pin=CON1-2
Added Pin To Net: NetName=SWDIO Pin=U1-34
Added Net: Name=SWDIO
Added Pin To Net: NetName=USB_DN Pin=J1-2
Added Pin To Net: NetName=USB_DN Pin=R11-1
Added Net: Name=USB_DN
Added Pin To Net: NetName=USB_DP Pin=J1-3
Added Pin To Net: NetName=USB_DP Pin=R9-1
Added Net: Name=USB_DP
Added Pin To Net: NetName=VCAP Pin=C8-1
Added Pin To Net: NetName=VCAP Pin=U1-22
Added Net: Name=VCAP
Added Class: Name=Sheet1
