Added Component: Designator=C1(CAP_805)
Added Component: Designator=C2(CAP_805)
Added Component: Designator=C3(CAP_805)
Added Component: Designator=C4(CAP_805)
Added Component: Designator=C5(CAP_805)
Added Component: Designator=C6(CAP_805)
Added Component: Designator=CON1(5 PIN 2.54MM)
Added Component: Designator=CON2(5 PIN 2.54MM)
Added Component: Designator=CON3(2 PIN 2.54MM)
Added Component: Designator=CYS1(Kristal - HC-49Us -smd)
Added Component: Designator=KLM1(5.08mm-2 pin)
Added Component: Designator=L1(Led 1206)
Added Component: Designator=R1(RES_1206)
Added Component: Designator=R2(RES_1206)
Added Component: Designator=SW1(SW_1437566-3)
Add component (AddParameter): Name = "Availability"; Value = "Unavailable"; VariantName = "[No Variations]"
Add component (AddParameter): Name = "MF"; Value = ""; VariantName = "[No Variations]"
Add component (AddParameter): Name = "MP"; Value = "1437566-3"; VariantName = "[No Variations]"
Add component (AddParameter): Name = "Package"; Value = "None"; VariantName = "[No Variations]"
Add component (AddParameter): Name = "Price"; Value = "None"; VariantName = "[No Variations]"
Add component (AddParameter): Name = "Value"; Value = ""; VariantName = "[No Variations]"
Added Component: Designator=U1(QFP80P900X900X120-32N)
Add component (AddParameter): Name = "Availability"; Value = "In Stock"; VariantName = "[No Variations]"
Add component (AddParameter): Name = "Check_prices"; Value = "https://www.snapeda.com/parts/ATMEGA328P-AU/Microchip/view-part/?ref=eda"; VariantName = "[No Variations]"
Add component (AddParameter): Name = "MF"; Value = "Microchip Technology"; VariantName = "[No Variations]"
Add component (AddParameter): Name = "MP"; Value = "ATMEGA328P-AU"; VariantName = "[No Variations]"
Add component (AddParameter): Name = "Package"; Value = "TQFP-32 Microchip"; VariantName = "[No Variations]"
Add component (AddParameter): Name = "Price"; Value = "None"; VariantName = "[No Variations]"
Add component (AddParameter): Name = "Purchase-URL"; Value = "https://pricing.snapeda.com/search/part/ATMEGA328P-AU/?ref=eda"; VariantName = "[No Variations]"
Add component (AddParameter): Name = "SnapEDA_Link"; Value = "https://www.snapeda.com/parts/ATMEGA328P-AU/Microchip/view-part/?ref=snap"; VariantName = "[No Variations]"
Add component (AddParameter): Name = "Value"; Value = ""; VariantName = "[No Variations]"
Added Pin To Net: NetName=+3V3 Pin=C2-2
Added Pin To Net: NetName=+3V3 Pin=C3-2
Added Pin To Net: NetName=+3V3 Pin=C4-2
Added Pin To Net: NetName=+3V3 Pin=KLM1-2
Added Pin To Net: NetName=+3V3 Pin=R1-2
Added Pin To Net: NetName=+3V3 Pin=U1-4
Added Pin To Net: NetName=+3V3 Pin=U1-6
Added Pin To Net: NetName=+3V3 Pin=U1-18
Added Net: Name=+3V3
Added Pin To Net: NetName=AREF Pin=C1-2
Added Pin To Net: NetName=AREF Pin=U1-20
Added Net: Name=AREF
Added Pin To Net: NetName=GND Pin=C1-1
Added Pin To Net: NetName=GND Pin=C2-1
Added Pin To Net: NetName=GND Pin=C3-1
Added Pin To Net: NetName=GND Pin=C4-1
Added Pin To Net: NetName=GND Pin=C5-1
Added Pin To Net: NetName=GND Pin=C6-1
Added Pin To Net: NetName=GND Pin=CON1-1
Added Pin To Net: NetName=GND Pin=KLM1-1
Added Pin To Net: NetName=GND Pin=L1-2
Added Pin To Net: NetName=GND Pin=SW1-1
Added Pin To Net: NetName=GND Pin=U1-3
Added Pin To Net: NetName=GND Pin=U1-5
Added Pin To Net: NetName=GND Pin=U1-21
Added Net: Name=GND
Added Pin To Net: NetName=MISO Pin=CON1-4
Added Pin To Net: NetName=MISO Pin=U1-16
Added Net: Name=MISO
Added Pin To Net: NetName=MOSI Pin=CON1-5
Added Pin To Net: NetName=MOSI Pin=U1-17
Added Net: Name=MOSI
Added Pin To Net: NetName=NetCON2_1 Pin=CON2-1
Added Pin To Net: NetName=NetCON2_1 Pin=U1-30
Added Net: Name=NetCON2_1
Added Pin To Net: NetName=NetCON2_2 Pin=CON2-2
Added Pin To Net: NetName=NetCON2_2 Pin=U1-31
Added Net: Name=NetCON2_2
Added Pin To Net: NetName=NetCON2_3 Pin=CON2-3
Added Pin To Net: NetName=NetCON2_3 Pin=U1-32
Added Net: Name=NetCON2_3
Added Pin To Net: NetName=NetCON2_4 Pin=CON2-4
Added Pin To Net: NetName=NetCON2_4 Pin=U1-1
Added Net: Name=NetCON2_4
Added Pin To Net: NetName=NetCON2_5 Pin=CON2-5
Added Pin To Net: NetName=NetCON2_5 Pin=U1-2
Added Net: Name=NetCON2_5
Added Pin To Net: NetName=NetCON3_1 Pin=CON3-1
Added Pin To Net: NetName=NetCON3_1 Pin=U1-28
Added Net: Name=NetCON3_1
Added Pin To Net: NetName=NetCON3_2 Pin=CON3-2
Added Pin To Net: NetName=NetCON3_2 Pin=U1-27
Added Net: Name=NetCON3_2
Added Pin To Net: NetName=NetL1_1 Pin=L1-1
Added Pin To Net: NetName=NetL1_1 Pin=R2-1
Added Net: Name=NetL1_1
Added Pin To Net: NetName=NetR2_2 Pin=R2-2
Added Pin To Net: NetName=NetR2_2 Pin=U1-23
Added Net: Name=NetR2_2
Added Pin To Net: NetName=OSC1 Pin=C5-2
Added Pin To Net: NetName=OSC1 Pin=CYS1-1
Added Pin To Net: NetName=OSC1 Pin=U1-7
Added Net: Name=OSC1
Added Pin To Net: NetName=OSC2 Pin=C6-2
Added Pin To Net: NetName=OSC2 Pin=CYS1-2
Added Pin To Net: NetName=OSC2 Pin=U1-8
Added Net: Name=OSC2
Added Pin To Net: NetName=RESET Pin=CON1-2
Added Pin To Net: NetName=RESET Pin=R1-1
Added Pin To Net: NetName=RESET Pin=SW1-2
Added Pin To Net: NetName=RESET Pin=U1-29
Added Net: Name=RESET
Added Pin To Net: NetName=SCK Pin=CON1-3
Added Pin To Net: NetName=SCK Pin=U1-15
Added Net: Name=SCK
Added Class: Name=Sheet3
