Removed Pin From Net: NetName=GND Pin=C6-1
Removed Pin From Net: NetName=OSC2 Pin=C6-2
Removed Pin From Net: NetName=MOSI Pin=CON1-3
Removed Pin From Net: NetName=SCK Pin=CON1-5
Removed Pin From Net: NetName=NetCON3_2 Pin=CON3-1
Removed Pin From Net: NetName=NetCON3_1 Pin=CON3-2
Removed Pin From Net: NetName=NetCON3_1 Pin=Designator138-1
Removed Pin From Net: NetName=NetCON3_1 Pin=Designator138-2
Removed Pin From Net: NetName=NetCON3_2 Pin=Designator139-1
Removed Pin From Net: NetName=NetCON3_2 Pin=Designator139-2
Removed Member From Class: ClassName=Sheet3 Member=CON2
Added Component: Designator=C7(CAP_805)
Added Component: Designator=C8(CAP_805)
Added Component: Designator=C9(CAP_805)
Added Component: Designator=C10(CAP_805)
Added Component: Designator=C11(CAP_805)
Added Component: Designator=C12(CAP_805)
Added Component: Designator=CYS2(Kristal - HC-49Us -smd)
Added Component: Designator=J1(65100516121)
Add component (AddParameter): Name = "Availability"; Value = "In Stock"; VariantName = "[No Variations]"
Add component (AddParameter): Name = "Check_prices"; Value = "https://www.snapeda.com/parts/65100516121/Wurth+Elektronik/view-part/?ref=eda"; VariantName = "[No Variations]"
Add component (AddParameter): Name = "MF"; Value = "Würth Elektronik"; VariantName = "[No Variations]"
Add component (AddParameter): Name = "MP"; Value = "65100516121"; VariantName = "[No Variations]"
Add component (AddParameter): Name = "Package"; Value = "None"; VariantName = "[No Variations]"
Add component (AddParameter): Name = "Price"; Value = "None"; VariantName = "[No Variations]"
Add component (AddParameter): Name = "Purchase-URL"; Value = "https://pricing.snapeda.com/search/part/65100516121/?ref=eda"; VariantName = "[No Variations]"
Add component (AddParameter): Name = "SnapEDA_Link"; Value = "https://www.snapeda.com/parts/65100516121/Wurth+Elektronik/view-part/?ref=snap"; VariantName = "[No Variations]"
Add component (AddParameter): Name = "Value"; Value = ""; VariantName = "[No Variations]"
Added Component: Designator=L2(Led 1206)
Added Component: Designator=R3(RES_1206)
Added Component: Designator=R4(RES_1206)
Added Component: Designator=R5(RES_1206)
Added Component: Designator=U2(AMS1117)
Add component (AddParameter): Name = "Case/Package"; Value = "SOT-89"; VariantName = "[No Variations]"
Add component (AddParameter): Name = "Vmax"; Value = "12V"; VariantName = "[No Variations]"
Add component (AddParameter): Name = "Iout"; Value = "1A"; VariantName = "[No Variations]"
Added Component: Designator=U3(SOIC127P600X180-16N)
Add component (AddParameter): Name = "Availability"; Value = "Not in stock"; VariantName = "[No Variations]"
Add component (AddParameter): Name = "Check_prices"; Value = "https://www.snapeda.com/parts/Ch340G/WCH/view-part/?ref=eda"; VariantName = "[No Variations]"
Add component (AddParameter): Name = "MF"; Value = "WCH"; VariantName = "[No Variations]"
Add component (AddParameter): Name = "MP"; Value = "Ch340G"; VariantName = "[No Variations]"
Add component (AddParameter): Name = "Package"; Value = "None"; VariantName = "[No Variations]"
Add component (AddParameter): Name = "Price"; Value = "None"; VariantName = "[No Variations]"
Add component (AddParameter): Name = "SnapEDA_Link"; Value = "https://www.snapeda.com/parts/Ch340G/WCH/view-part/?ref=snap"; VariantName = "[No Variations]"
Add component (AddParameter): Name = "Value"; Value = ""; VariantName = "[No Variations]"
Added Pin To Net: NetName=GND Pin=C7-1
Added Pin To Net: NetName=+3V3 Pin=C7-2
Added Pin To Net: NetName=GND Pin=C8-1
Added Pin To Net: NetName=GND Pin=C9-1
Added Pin To Net: NetName=RESET Pin=C10-2
Added Pin To Net: NetName=GND Pin=C11-1
Added Pin To Net: NetName=GND Pin=C12-1
Added Pin To Net: NetName=SCK Pin=CON1-3
Added Pin To Net: NetName=MOSI Pin=CON1-5
Added Pin To Net: NetName=NetCON3_1 Pin=CON3-1
Added Pin To Net: NetName=NetCON3_2 Pin=CON3-2
Added Pin To Net: NetName=+3V3 Pin=J1-1
Added Pin To Net: NetName=GND Pin=J1-5
Added Pin To Net: NetName=GND Pin=L2-2
Added Pin To Net: NetName=+3V3 Pin=U2-1
Added Pin To Net: NetName=GND Pin=U2-3
Added Pin To Net: NetName=GND Pin=U3-1
Added Pin To Net: NetName=+3V3 Pin=U3-16
Change Net Name : Old Net Name=+3V3 New Net Name=+5V
Added Pin To Net: NetName=+3V3 Pin=C8-2
Added Pin To Net: NetName=+3V3 Pin=C9-2
Added Pin To Net: NetName=+3V3 Pin=R3-2
Added Pin To Net: NetName=+3V3 Pin=U2-2
Added Pin To Net: NetName=+3V3 Pin=U3-4
Added Net: Name=+3V3
Added Pin To Net: NetName=NetC10_1 Pin=C10-1
Added Pin To Net: NetName=NetC10_1 Pin=U3-14
Added Net: Name=NetC10_1
Added Pin To Net: NetName=NetC11_2 Pin=C11-2
Added Pin To Net: NetName=NetC11_2 Pin=CYS2-1
Added Pin To Net: NetName=NetC11_2 Pin=U3-7
Added Net: Name=NetC11_2
Added Pin To Net: NetName=NetC12_2 Pin=C12-2
Added Pin To Net: NetName=NetC12_2 Pin=CYS2-2
Added Pin To Net: NetName=NetC12_2 Pin=U3-8
Added Net: Name=NetC12_2
Added Pin To Net: NetName=NetJ1_S1 Pin=J1-S1
Added Pin To Net: NetName=NetJ1_S1 Pin=J1-S2
Added Pin To Net: NetName=NetJ1_S1 Pin=J1-S3
Added Pin To Net: NetName=NetJ1_S1 Pin=J1-S4
Added Net: Name=NetJ1_S1
Added Pin To Net: NetName=NetL2_1 Pin=L2-1
Added Pin To Net: NetName=NetL2_1 Pin=R3-1
Added Net: Name=NetL2_1
Added Pin To Net: NetName=NetR4_1 Pin=R4-1
Added Pin To Net: NetName=NetR4_1 Pin=U3-3
Added Net: Name=NetR4_1
Added Pin To Net: NetName=NetR5_1 Pin=R5-1
Added Pin To Net: NetName=NetR5_1 Pin=U3-2
Added Net: Name=NetR5_1
Added Pin To Net: NetName=RXD Pin=R4-2
Added Pin To Net: NetName=RXD Pin=U1-31
Added Net: Name=RXD
Added Pin To Net: NetName=TXD Pin=R5-2
Added Pin To Net: NetName=TXD Pin=U1-30
Added Net: Name=TXD
Added Pin To Net: NetName=USBD+ Pin=J1-3
Added Pin To Net: NetName=USBD+ Pin=U3-5
Added Net: Name=USBD+
Added Pin To Net: NetName=USBD- Pin=J1-2
Added Pin To Net: NetName=USBD- Pin=U3-6
Added Net: Name=USBD-
Added Member To Class: ClassName=Sheet3 Member=Component C2 1uF
Added Member To Class: ClassName=Sheet3 Member=Component C7 100nF
Added Member To Class: ClassName=Sheet3 Member=Component C8 100nF
Added Member To Class: ClassName=Sheet3 Member=Component C9 100nF
Added Member To Class: ClassName=Sheet3 Member=Component C10 100nF
Added Member To Class: ClassName=Sheet3 Member=Component C11 22pF
Added Member To Class: ClassName=Sheet3 Member=Component C12 22pF
Added Member To Class: ClassName=Sheet3 Member=Component CYS2 Kristal - HC-49Us
Added Member To Class: ClassName=Sheet3 Member=Component J1 USB 2.0
Added Member To Class: ClassName=Sheet3 Member=Component L2 Led Blue
Added Member To Class: ClassName=Sheet3 Member=Component R3 220
Added Member To Class: ClassName=Sheet3 Member=Component R4 RES 1K 1206
Added Member To Class: ClassName=Sheet3 Member=Component R5 RES 1K 1206
Added Member To Class: ClassName=Sheet3 Member=Component U2 AMS1117
Added Member To Class: ClassName=Sheet3 Member=Component U3 CH340G
