Added Component: Designator=*(GX-16 CON)
Added Component: Designator=*(GX-16 CON)
Added Component: Designator=*(TRANS_STL60P4LLF6)
Added Component: Designator=B1(CR2032)
Added Component: Designator=BZ1(CMI-9605IC)
Add component (AddParameter): Name = "Designed by"; Value = "Ahmet Azboy"; VariantName = "[No Variations]"
Added Component: Designator=C1(CAP_805)
Added Component: Designator=C2(CAPPC6032X280N)
Add component (AddParameter): Name = "Availability"; Value = "In Stock"; VariantName = "[No Variations]"
Add component (AddParameter): Name = "Check_prices"; Value = "https://www.snapeda.com/parts/T491C106K025AT/KEMET/view-part/?ref=eda"; VariantName = "[No Variations]"
Add component (AddParameter): Name = "MF"; Value = "KEMET"; VariantName = "[No Variations]"
Add component (AddParameter): Name = "MP"; Value = "T491C106K025AT"; VariantName = "[No Variations]"
Add component (AddParameter): Name = "Package"; Value = "SMD-2 KEMET"; VariantName = "[No Variations]"
Add component (AddParameter): Name = "Price"; Value = "None"; VariantName = "[No Variations]"
Add component (AddParameter): Name = "Purchase-URL"; Value = "https://pricing.snapeda.com/search/part/T491C106K025AT/?ref=eda"; VariantName = "[No Variations]"
Add component (AddParameter): Name = "SnapEDA_Link"; Value = "https://www.snapeda.com/parts/T491C106K025AT/KEMET/view-part/?ref=snap"; VariantName = "[No Variations]"
Add component (AddParameter): Name = "Value"; Value = ""; VariantName = "[No Variations]"
Added Component: Designator=C3(CAP_805)
Added Component: Designator=C4(CAP_805)
Added Component: Designator=C5(CAP_805)
Added Component: Designator=C6(CAP_805)
Added Component: Designator=C7(CAP_805)
Added Component: Designator=C8(CAP_805)
Added Component: Designator=C9(CAP_805)
Added Component: Designator=C10(CAP_805)
Added Component: Designator=C11(CAP_805)
Added Component: Designator=C12(CAP_805)
Added Component: Designator=C13(CAP_805)
Added Component: Designator=C14(CAP_805)
Added Component: Designator=C15(CAP_805)
Added Component: Designator=C16(CAP_805)
Added Component: Designator=C17(CAP_805)
Added Component: Designator=C18(CAP_805)
Added Component: Designator=C19(CAP_805)
Added Component: Designator=C20(CAP_805)
Added Component: Designator=D1(LED_ASMB-TTF2-0B20B)
Add component (AddParameter): Name = "Availability"; Value = "In Stock"; VariantName = "[No Variations]"
Add component (AddParameter): Name = "Check_prices"; Value = "https://www.snapeda.com/parts/ASMB-TTF2-0B20B/Avago/view-part/?ref=eda"; VariantName = "[No Variations]"
Add component (AddParameter): Name = "MF"; Value = "Broadcom / Avago"; VariantName = "[No Variations]"
Add component (AddParameter): Name = "MP"; Value = "ASMB-TTF2-0B20B"; VariantName = "[No Variations]"
Add component (AddParameter): Name = "Package"; Value = "None"; VariantName = "[No Variations]"
Add component (AddParameter): Name = "Price"; Value = "None"; VariantName = "[No Variations]"
Add component (AddParameter): Name = "Purchase-URL"; Value = "https://pricing.snapeda.com/search/part/ASMB-TTF2-0B20B/?ref=eda"; VariantName = "[No Variations]"
Add component (AddParameter): Name = "SnapEDA_Link"; Value = "https://www.snapeda.com/parts/ASMB-TTF2-0B20B/Avago/view-part/?ref=snap"; VariantName = "[No Variations]"
Add component (AddParameter): Name = "Value"; Value = ""; VariantName = "[No Variations]"
Added Component: Designator=D(DO214AA)
Add component (AddParameter): Name = "Case/Package"; Value = "DO214AA"; VariantName = "[No Variations]"
Add component (AddParameter): Name = "Current"; Value = "3A"; VariantName = "[No Variations]"
Add component (AddParameter): Name = "Voltage"; Value = "1000V"; VariantName = "[No Variations]"
Added Component: Designator=KLM1(Klemens-ScrewMount)
Add component (AddParameter): Name = "ComponentLink1Description"; Value = "New link"; VariantName = "[No Variations]"
Add component (AddParameter): Name = "ComponentLink1URL"; Value = ""; VariantName = "[No Variations]"
Added Component: Designator=KLM2(Klemens-ScrewMount)
Add component (AddParameter): Name = "ComponentLink1Description"; Value = "New link"; VariantName = "[No Variations]"
Add component (AddParameter): Name = "ComponentLink1URL"; Value = ""; VariantName = "[No Variations]"
Added Component: Designator=KLM(Klemens-ScrewMount)
Add component (AddParameter): Name = "ComponentLink1Description"; Value = "New link"; VariantName = "[No Variations]"
Add component (AddParameter): Name = "ComponentLink1URL"; Value = ""; VariantName = "[No Variations]"
Added Component: Designator=L1(Led 1206)
Added Component: Designator=L2(Led 1206)
Added Component: Designator=L3(Led 1206)
Added Component: Designator=L4(Led 1206)
Added Component: Designator=L5(Led 1206)
Added Component: Designator=L6(Led 1206)
Added Component: Designator=L7(Led 1206)
Added Component: Designator=L8(Led 1206)
Added Component: Designator=P1(HDR1X6)
Add component (AddParameter): Name = "LatestRevisionDate"; Value = "17-Jul-2002"; VariantName = "[No Variations]"
Add component (AddParameter): Name = "LatestRevisionNote"; Value = "Re-released for DXP Platform."; VariantName = "[No Variations]"
Add component (AddParameter): Name = "Publisher"; Value = "Altium Limited"; VariantName = "[No Variations]"
Added Component: Designator=Q1(SOT-23F)
Add component (AddParameter): Name = "Case/Package"; Value = "SOT23F"; VariantName = "[No Variations]"
Add component (AddParameter): Name = "ComponentLink1Description"; Value = "https://toshiba.semicon-storage.com/info/docget.jsp?did=59207&prodName=SSM3K357R&src-supplier=Digi-Key"; VariantName = "[No Variations]"
Add component (AddParameter): Name = "ComponentLink1URL"; Value = "https://toshiba.semicon-storage.com/info/docget.jsp?did=59207&prodName=SSM3K357R&src-supplier=Digi-Key"; VariantName = "[No Variations]"
Add component (AddParameter): Name = "Designed by"; Value = "Ahmet Azboy"; VariantName = "[No Variations]"
Add component (AddParameter): Name = "Manufacturer"; Value = "Toshiba"; VariantName = "[No Variations]"
Add component (AddParameter): Name = "Manufacturer Part Number"; Value = "SSM3K357R,LF"; VariantName = "[No Variations]"
Add component (AddParameter): Name = "Pricing 1"; Value = "1=0,41000, 10=0,33600, 50=0,33600, 100=0,22900, 1000=0,12900, 10000=0,10300 (USD)"; VariantName = "[No Variations]"
Add component (AddParameter): Name = "RoHS"; Value = "No"; VariantName = "[No Variations]"
Add component (AddParameter): Name = "Supplier 1"; Value = "Mouser"; VariantName = "[No Variations]"
Add component (AddParameter): Name = "Supplier Part Number 1"; Value = "757-SSM3K357RLF"; VariantName = "[No Variations]"
Added Component: Designator=R1(RES_1206)
Added Component: Designator=R2(RES_1206)
Added Component: Designator=R3(RES_1206)
Added Component: Designator=R4(RES_1206)
Added Component: Designator=R5(RES_1206)
Added Component: Designator=R6(RES_1206)
Added Component: Designator=R7(RES_1206)
Added Component: Designator=R8(RES_1206)
Added Component: Designator=R9(RES_1206)
Added Component: Designator=R10(RES_1206)
Added Component: Designator=R11(RES_1206)
Added Component: Designator=R12(RES_1206)
Added Component: Designator=R13(RES_1206)
Added Component: Designator=R14(RES_1206)
Added Component: Designator=R15(RES_1206)
Added Component: Designator=R16(RES_1206)
Added Component: Designator=R17(RES_1206)
Added Component: Designator=R18(RES_1206)
Added Component: Designator=R19(RES_1206)
Added Component: Designator=R20(RES_1206)
Added Component: Designator=R21(RES_1206)
Added Component: Designator=R22(RES_1206)
Added Component: Designator=R23(RES_1206)
Added Component: Designator=R24(RES_1206)
Added Component: Designator=R25(RES_1206)
Added Component: Designator=R26(RES_1206)
Added Component: Designator=R27(RES_1206)
Added Component: Designator=R28(RES_1206)
Added Component: Designator=R29(RES_1206)
Added Component: Designator=S1(HMC5883L)
Added Component: Designator=SW1(SW_1437566-3)
Add component (AddParameter): Name = "Availability"; Value = "Unavailable"; VariantName = "[No Variations]"
Add component (AddParameter): Name = "MF"; Value = ""; VariantName = "[No Variations]"
Add component (AddParameter): Name = "MP"; Value = "1437566-3"; VariantName = "[No Variations]"
Add component (AddParameter): Name = "Package"; Value = "None"; VariantName = "[No Variations]"
Add component (AddParameter): Name = "Price"; Value = "None"; VariantName = "[No Variations]"
Add component (AddParameter): Name = "Value"; Value = ""; VariantName = "[No Variations]"
Added Component: Designator=SW2(SW_1437566-3)
Add component (AddParameter): Name = "Availability"; Value = "Unavailable"; VariantName = "[No Variations]"
Add component (AddParameter): Name = "MF"; Value = ""; VariantName = "[No Variations]"
Add component (AddParameter): Name = "MP"; Value = "1437566-3"; VariantName = "[No Variations]"
Add component (AddParameter): Name = "Package"; Value = "None"; VariantName = "[No Variations]"
Add component (AddParameter): Name = "Price"; Value = "None"; VariantName = "[No Variations]"
Add component (AddParameter): Name = "Value"; Value = ""; VariantName = "[No Variations]"
Added Component: Designator=SW3(SW_1437566-3)
Add component (AddParameter): Name = "Availability"; Value = "Unavailable"; VariantName = "[No Variations]"
Add component (AddParameter): Name = "MF"; Value = ""; VariantName = "[No Variations]"
Add component (AddParameter): Name = "MP"; Value = "1437566-3"; VariantName = "[No Variations]"
Add component (AddParameter): Name = "Package"; Value = "None"; VariantName = "[No Variations]"
Add component (AddParameter): Name = "Price"; Value = "None"; VariantName = "[No Variations]"
Add component (AddParameter): Name = "Value"; Value = ""; VariantName = "[No Variations]"
Added Component: Designator=U1(DPAK229P990X239-4N)
Added Component: Designator=U2(XDCR_BMP280)
Add component (AddParameter): Name = "Availability"; Value = "Unavailable"; VariantName = "[No Variations]"
Add component (AddParameter): Name = "MF"; Value = ""; VariantName = "[No Variations]"
Add component (AddParameter): Name = "MP"; Value = "BMP280"; VariantName = "[No Variations]"
Add component (AddParameter): Name = "Package"; Value = "None"; VariantName = "[No Variations]"
Add component (AddParameter): Name = "Price"; Value = "None"; VariantName = "[No Variations]"
Add component (AddParameter): Name = "Value"; Value = ""; VariantName = "[No Variations]"
Added Component: Designator=U3(PQFN80P300X500X79-14N)
Add component (AddParameter): Name = "Availability"; Value = "Warning"; VariantName = "[No Variations]"
Add component (AddParameter): Name = "Check_prices"; Value = "https://www.snapeda.com/parts/ADXL345BCCZ-RL/Analog%20Devices%20Inc./view-part/52306/?ref=eda"; VariantName = "[No Variations]"
Add component (AddParameter): Name = "MF"; Value = "Analog Devices"; VariantName = "[No Variations]"
Add component (AddParameter): Name = "MP"; Value = "ADXL345BCCZ-RL"; VariantName = "[No Variations]"
Add component (AddParameter): Name = "Package"; Value = "LGA -14 Analog Devices"; VariantName = "[No Variations]"
Add component (AddParameter): Name = "Price"; Value = "None"; VariantName = "[No Variations]"
Add component (AddParameter): Name = "Purchase-URL"; Value = "https://pricing.snapeda.com/search/part/ADXL345BCCZ-RL/?ref=eda"; VariantName = "[No Variations]"
Add component (AddParameter): Name = "SnapEDA_Link"; Value = "https://www.snapeda.com/parts/ADXL345BCCZ-RL/Analog%20Devices%20Inc./view-part/52306/?ref=snap"; VariantName = "[No Variations]"
Add component (AddParameter): Name = "Value"; Value = ""; VariantName = "[No Variations]"
Added Component: Designator=U4(soic-8)
Add component (AddParameter): Name = "Access Time"; Value = "900ns"; VariantName = "[No Variations]"
Add component (AddParameter): Name = "Access Time-Max"; Value = "900ns"; VariantName = "[No Variations]"
Add component (AddParameter): Name = "Case/Package"; Value = "SOIC"; VariantName = "[No Variations]"
Add component (AddParameter): Name = "Category"; Value = "EEPROM"; VariantName = "[No Variations]"
Add component (AddParameter): Name = "ComponentLink1Description"; Value = "https://datasheet.ciiva.com/26870/24lc512-i-sm-26870738.pdf?src-supplier=IIIC"; VariantName = "[No Variations]"
Add component (AddParameter): Name = "ComponentLink1URL"; Value = "https://datasheet.ciiva.com/26870/24lc512-i-sm-26870738.pdf?src-supplier=IIIC"; VariantName = "[No Variations]"
Add component (AddParameter): Name = "ComponentLink2Description"; Value = "https://datasheet.ciiva.com/29294/160414-da-01-en-eeprom-24lc512-i-sm-microchip-29294348.pdf?src-supplier=Conrad"; VariantName = "[No Variations]"
Add component (AddParameter): Name = "ComponentLink2URL"; Value = "https://datasheet.ciiva.com/29294/160414-da-01-en-eeprom-24lc512-i-sm-microchip-29294348.pdf?src-supplier=Conrad"; VariantName = "[No Variations]"
Add component (AddParameter): Name = "ComponentLink3Description"; Value = "https://datasheet.ciiva.com/17651/21754m-17651369.pdf?src-supplier=Avnet+Europe"; VariantName = "[No Variations]"
Add component (AddParameter): Name = "ComponentLink3URL"; Value = "https://datasheet.ciiva.com/17651/21754m-17651369.pdf?src-supplier=Avnet+Europe"; VariantName = "[No Variations]"
Add component (AddParameter): Name = "ComponentLink4Description"; Value = "https://datasheet.ciiva.com/1155/1688094-1155274.pdf?src-supplier=Element14"; VariantName = "[No Variations]"
Add component (AddParameter): Name = "ComponentLink4URL"; Value = "https://datasheet.ciiva.com/1155/1688094-1155274.pdf?src-supplier=Element14"; VariantName = "[No Variations]"
Add component (AddParameter): Name = "ComponentLink5Description"; Value = "https://datasheet.ciiva.com/1155/1688094-1155275.pdf?src-supplier=Element14"; VariantName = "[No Variations]"
Add component (AddParameter): Name = "ComponentLink5URL"; Value = "https://datasheet.ciiva.com/1155/1688094-1155275.pdf?src-supplier=Element14"; VariantName = "[No Variations]"
Add component (AddParameter): Name = "ComponentLink6Description"; Value = "https://datasheet.ciiva.com/3184/21754m-3184956.pdf?src-supplier=Avnet"; VariantName = "[No Variations]"
Add component (AddParameter): Name = "ComponentLink6URL"; Value = "https://datasheet.ciiva.com/3184/21754m-3184956.pdf?src-supplier=Avnet"; VariantName = "[No Variations]"
Add component (AddParameter): Name = "ComponentLink7Description"; Value = "https://datasheet.ciiva.com/16921/70045251-16921949.pdf?src-supplier=Allied+Electronics"; VariantName = "[No Variations]"
Add component (AddParameter): Name = "ComponentLink7URL"; Value = "https://datasheet.ciiva.com/16921/70045251-16921949.pdf?src-supplier=Allied+Electronics"; VariantName = "[No Variations]"
Add component (AddParameter): Name = "ComponentLink8Description"; Value = "https://datasheet.ciiva.com/16304/filehandler-aspxddocname-en546203-16304574.pdf?src-supplier=Future+Electronics"; VariantName = "[No Variations]"
Add component (AddParameter): Name = "ComponentLink8URL"; Value = "https://datasheet.ciiva.com/16304/filehandler-aspxddocname-en546203-16304574.pdf?src-supplier=Future+Electronics"; VariantName = "[No Variations]"
Add component (AddParameter): Name = "Density"; Value = "512Kb"; VariantName = "[No Variations]"
Add component (AddParameter): Name = "Designed by"; Value = "Ahmet Azboy"; VariantName = "[No Variations]"
Add component (AddParameter): Name = "Frequency"; Value = "400kHz"; VariantName = "[No Variations]"
Add component (AddParameter): Name = "Height"; Value = "1.88mm"; VariantName = "[No Variations]"
Add component (AddParameter): Name = "Lead Free"; Value = "Lead Free"; VariantName = "[No Variations]"
Add component (AddParameter): Name = "Length"; Value = "5.21mm"; VariantName = "[No Variations]"
Add component (AddParameter): Name = "Manufacturer"; Value = "Microchip"; VariantName = "[No Variations]"
Add component (AddParameter): Name = "Manufacturer Part Number"; Value = "24LC512-I/SM"; VariantName = "[No Variations]"
Add component (AddParameter): Name = "Max Frequency"; Value = "400kHz"; VariantName = "[No Variations]"
Add component (AddParameter): Name = "Max Operating Temperature"; Value = "85°C"; VariantName = "[No Variations]"
Add component (AddParameter): Name = "Max Supply Voltage"; Value = "5.5V"; VariantName = "[No Variations]"
Add component (AddParameter): Name = "Memory Size"; Value = "512Kb"; VariantName = "[No Variations]"
Add component (AddParameter): Name = "Memory Type"; Value = "EEPROM"; VariantName = "[No Variations]"
Add component (AddParameter): Name = "Min Operating Temperature"; Value = "-40°C"; VariantName = "[No Variations]"
Add component (AddParameter): Name = "Min Supply Voltage"; Value = "2.5V"; VariantName = "[No Variations]"
Add component (AddParameter): Name = "Mount"; Value = "Surface Mount"; VariantName = "[No Variations]"
Add component (AddParameter): Name = "Nominal Supply Current"; Value = "5mA"; VariantName = "[No Variations]"
Add component (AddParameter): Name = "Number of Pins"; Value = "8"; VariantName = "[No Variations]"
Add component (AddParameter): Name = "Organization"; Value = "64KX8"; VariantName = "[No Variations]"
Add component (AddParameter): Name = "Package Quantity"; Value = "90"; VariantName = "[No Variations]"
Add component (AddParameter): Name = "Packaging"; Value = "Rail/Tube"; VariantName = "[No Variations]"
Add component (AddParameter): Name = "Pricing 1"; Value = "90=1,48900 (GBP)"; VariantName = "[No Variations]"
Add component (AddParameter): Name = "Programming Voltage"; Value = "5.5V"; VariantName = "[No Variations]"
Add component (AddParameter): Name = "Radiation Hardening"; Value = "No"; VariantName = "[No Variations]"
Add component (AddParameter): Name = "REACH SVHC"; Value = "No SVHC"; VariantName = "[No Variations]"
Add component (AddParameter): Name = "RoHS"; Value = "Yes"; VariantName = "[No Variations]"
Add component (AddParameter): Name = "RoHS Compliant"; Value = "Yes"; VariantName = "[No Variations]"
Add component (AddParameter): Name = "Stock 1"; Value = "53"; VariantName = "[No Variations]"
Add component (AddParameter): Name = "Supplier 1"; Value = "RSComponents"; VariantName = "[No Variations]"
Add component (AddParameter): Name = "Supplier Part Number 1"; Value = "8895724"; VariantName = "[No Variations]"
Add component (AddParameter): Name = "Supply Current"; Value = "5mA"; VariantName = "[No Variations]"
Add component (AddParameter): Name = "Supply Voltage-Nom"; Value = "5.5V"; VariantName = "[No Variations]"
Add component (AddParameter): Name = "Width"; Value = "5.28mm"; VariantName = "[No Variations]"
Add component (AddParameter): Name = "Write Cycle Time-Max (tWC)"; Value = "5ms"; VariantName = "[No Variations]"
Add component (AddParameter): Name = "Write Protection"; Value = "YES"; VariantName = "[No Variations]"
Add component (AddParameter): Name = "Interface"; Value = "I2C,Serial,2-Wire"; VariantName = "[No Variations]"
Added Component: Designator=U5(L-80)
Add component (AddParameter): Name = "Designed By"; Value = "Ahmet Azboy"; VariantName = "[No Variations]"
Add component (AddParameter): Name = "Name"; Value = "Quetcel L80"; VariantName = "[No Variations]"
Added Component: Designator=U6(soic-8)
Add component (AddParameter): Name = "Access Time"; Value = "20us"; VariantName = "[No Variations]"
Add component (AddParameter): Name = "Address Bus Width"; Value = "8b"; VariantName = "[No Variations]"
Add component (AddParameter): Name = "Case/Package"; Value = "SOIC"; VariantName = "[No Variations]"
Add component (AddParameter): Name = "Category"; Value = "Microcontrollers"; VariantName = "[No Variations]"
Add component (AddParameter): Name = "ComponentLink1Description"; Value = "https://datasheet.ciiva.com/15122/getdatasheetpartid-123040-15122445.pdf?src-supplier=Verical"; VariantName = "[No Variations]"
Add component (AddParameter): Name = "ComponentLink1URL"; Value = "https://datasheet.ciiva.com/15122/getdatasheetpartid-123040-15122445.pdf?src-supplier=Verical"; VariantName = "[No Variations]"
Add component (AddParameter): Name = "ComponentLink2Description"; Value = "https://datasheet.ciiva.com/28653/1738893-28653749.pdf?src-supplier=Element14"; VariantName = "[No Variations]"
Add component (AddParameter): Name = "ComponentLink2URL"; Value = "https://datasheet.ciiva.com/28653/1738893-28653749.pdf?src-supplier=Element14"; VariantName = "[No Variations]"
Add component (AddParameter): Name = "ComponentLink3Description"; Value = "https://datasheet.ciiva.com/3203/doc2586-3203982.pdf?src-supplier=Avnet"; VariantName = "[No Variations]"
Add component (AddParameter): Name = "ComponentLink3URL"; Value = "https://datasheet.ciiva.com/3203/doc2586-3203982.pdf?src-supplier=Avnet"; VariantName = "[No Variations]"
Add component (AddParameter): Name = "ComponentLink4Description"; Value = "https://datasheet.ciiva.com/26207/doc2586-26207534.pdf?src-supplier=Avnet+Europe"; VariantName = "[No Variations]"
Add component (AddParameter): Name = "ComponentLink4URL"; Value = "https://datasheet.ciiva.com/26207/doc2586-26207534.pdf?src-supplier=Avnet+Europe"; VariantName = "[No Variations]"
Add component (AddParameter): Name = "Contact Plating"; Value = "Tin,Matte"; VariantName = "[No Variations]"
Add component (AddParameter): Name = "Core Architecture"; Value = "AVR"; VariantName = "[No Variations]"
Add component (AddParameter): Name = "Data Bus Width"; Value = "8b"; VariantName = "[No Variations]"
Add component (AddParameter): Name = "Frequency"; Value = "20MHz"; VariantName = "[No Variations]"
Add component (AddParameter): Name = "Height"; Value = "1.91mm"; VariantName = "[No Variations]"
Add component (AddParameter): Name = "Lead Free"; Value = "Lead Free"; VariantName = "[No Variations]"
Add component (AddParameter): Name = "Length"; Value = "5.35mm"; VariantName = "[No Variations]"
Add component (AddParameter): Name = "Manufacturer"; Value = "Microchip / Atmel"; VariantName = "[No Variations]"
Add component (AddParameter): Name = "Manufacturer Part Number"; Value = "ATTINY45-20SU"; VariantName = "[No Variations]"
Add component (AddParameter): Name = "Max Frequency"; Value = "20MHz"; VariantName = "[No Variations]"
Add component (AddParameter): Name = "Max Operating Temperature"; Value = "85°C"; VariantName = "[No Variations]"
Add component (AddParameter): Name = "Max Supply Voltage"; Value = "5.5V"; VariantName = "[No Variations]"
Add component (AddParameter): Name = "Memory Size"; Value = "4KB"; VariantName = "[No Variations]"
Add component (AddParameter): Name = "Memory Type"; Value = "FLASH"; VariantName = "[No Variations]"
Add component (AddParameter): Name = "Min Operating Temperature"; Value = "-40°C"; VariantName = "[No Variations]"
Add component (AddParameter): Name = "Min Supply Voltage"; Value = "2.7V"; VariantName = "[No Variations]"
Add component (AddParameter): Name = "Mount"; Value = "Surface Mount"; VariantName = "[No Variations]"
Add component (AddParameter): Name = "Number of ADC Channels"; Value = "4"; VariantName = "[No Variations]"
Add component (AddParameter): Name = "Number of Pins"; Value = "8"; VariantName = "[No Variations]"
Add component (AddParameter): Name = "Number of Programmable I/O"; Value = "6"; VariantName = "[No Variations]"
Add component (AddParameter): Name = "Number of PWM Channels"; Value = "6"; VariantName = "[No Variations]"
Add component (AddParameter): Name = "Number of SPI Channels"; Value = "1"; VariantName = "[No Variations]"
Add component (AddParameter): Name = "Number of Timers/Counters"; Value = "2"; VariantName = "[No Variations]"
Add component (AddParameter): Name = "Number of UART Channels"; Value = "1"; VariantName = "[No Variations]"
Add component (AddParameter): Name = "Number of I2C Channels"; Value = "1"; VariantName = "[No Variations]"
Add component (AddParameter): Name = "Number of I/Os"; Value = "6"; VariantName = "[No Variations]"
Add component (AddParameter): Name = "Oscillator Type"; Value = "Internal"; VariantName = "[No Variations]"
Add component (AddParameter): Name = "Package Quantity"; Value = "95"; VariantName = "[No Variations]"
Add component (AddParameter): Name = "Packaging"; Value = "Rail/Tube"; VariantName = "[No Variations]"
Add component (AddParameter): Name = "Peripherals"; Value = "Brown-out Detect/Reset,POR,PWM,WDT"; VariantName = "[No Variations]"
Add component (AddParameter): Name = "Radiation Hardening"; Value = "No"; VariantName = "[No Variations]"
Add component (AddParameter): Name = "RAM Size"; Value = "256B"; VariantName = "[No Variations]"
Add component (AddParameter): Name = "REACH SVHC"; Value = "No SVHC"; VariantName = "[No Variations]"
Add component (AddParameter): Name = "RoHS"; Value = "Yes"; VariantName = "[No Variations]"
Add component (AddParameter): Name = "Supplier 1"; Value = "Newark"; VariantName = "[No Variations]"
Add component (AddParameter): Name = "Supplier Part Number 1"; Value = "68T3731"; VariantName = "[No Variations]"
Add component (AddParameter): Name = "Termination"; Value = "SMD/SMT"; VariantName = "[No Variations]"
Add component (AddParameter): Name = "Watchdog Timer"; Value = "Yes"; VariantName = "[No Variations]"
Add component (AddParameter): Name = "Width"; Value = "5.4mm"; VariantName = "[No Variations]"
Add component (AddParameter): Name = "Interface"; Value = "SPI"; VariantName = "[No Variations]"
Added Component: Designator=U7(MODULE_ESP32-WROOM-32D)
Add component (AddParameter): Name = "Availability"; Value = "In Stock"; VariantName = "[No Variations]"
Add component (AddParameter): Name = "Check_prices"; Value = "https://www.snapeda.com/parts/ESP32-WROOM-32D/Espressif+Systems/view-part/?ref=eda"; VariantName = "[No Variations]"
Add component (AddParameter): Name = "MF"; Value = "Espressif Systems"; VariantName = "[No Variations]"
Add component (AddParameter): Name = "MP"; Value = "ESP32-WROOM-32D"; VariantName = "[No Variations]"
Add component (AddParameter): Name = "Package"; Value = "Module Espressif Systems"; VariantName = "[No Variations]"
Add component (AddParameter): Name = "Price"; Value = "None"; VariantName = "[No Variations]"
Add component (AddParameter): Name = "Purchase-URL"; Value = "https://pricing.snapeda.com/search/part/ESP32-WROOM-32D/?ref=eda"; VariantName = "[No Variations]"
Add component (AddParameter): Name = "SnapEDA_Link"; Value = "https://www.snapeda.com/parts/ESP32-WROOM-32D/Espressif+Systems/view-part/?ref=snap"; VariantName = "[No Variations]"
Add component (AddParameter): Name = "Value"; Value = ""; VariantName = "[No Variations]"
Added Component: Designator=U(PSON125P300X500X120-8N)
Add component (AddParameter): Name = "Availability"; Value = "Unavailable"; VariantName = "[No Variations]"
Add component (AddParameter): Name = "MF"; Value = "NXP USA"; VariantName = "[No Variations]"
Add component (AddParameter): Name = "MP"; Value = "MPL3115A2"; VariantName = "[No Variations]"
Add component (AddParameter): Name = "Package"; Value = "LGA-8 NXP USA"; VariantName = "[No Variations]"
Add component (AddParameter): Name = "Price"; Value = "None"; VariantName = "[No Variations]"
Add component (AddParameter): Name = "SnapEDA_Link"; Value = "https://www.snapeda.com/parts/MPL3115A2/NXP%20USA%20Inc./view-part/472433/?ref=snap"; VariantName = "[No Variations]"
Add component (AddParameter): Name = "Value"; Value = ""; VariantName = "[No Variations]"
Added Component: Designator=VR(TO254P1524X483-4N)
Add component (AddParameter): Name = "Arrow_Electronics-Purchase-URL"; Value = "https://snapeda.com/shop?store=Arrow+Electronics&id=213969"; VariantName = "[No Variations]"
Add component (AddParameter): Name = "Availability"; Value = "Unavailable"; VariantName = "[No Variations]"
Add component (AddParameter): Name = "DigiKey-Purchase-URL"; Value = "https://snapeda.com/shop?store=DigiKey&id=213969"; VariantName = "[No Variations]"
Add component (AddParameter): Name = "MF"; Value = "Texas Instruments"; VariantName = "[No Variations]"
Add component (AddParameter): Name = "Mouser-Purchase-URL"; Value = "https://snapeda.com/shop?store=Mouser&id=213969"; VariantName = "[No Variations]"
Add component (AddParameter): Name = "MP"; Value = "LM1085IS-ADJ"; VariantName = "[No Variations]"
Add component (AddParameter): Name = "Package"; Value = "TO-263-3 Texas Instruments"; VariantName = "[No Variations]"
Add component (AddParameter): Name = "Price"; Value = "None"; VariantName = "[No Variations]"
Add component (AddParameter): Name = "SnapEDA_Link"; Value = "https://www.snapeda.com/parts/LM1085IS-ADJ/Texas%20Instruments/view-part/213969/?ref=snap"; VariantName = "[No Variations]"
Add component (AddParameter): Name = "Value"; Value = ""; VariantName = "[No Variations]"
Added Pin To Net: NetName=+3V3 Pin=C2-1
Added Pin To Net: NetName=+3V3 Pin=C3-1
Added Pin To Net: NetName=+3V3 Pin=C4-1
Added Pin To Net: NetName=+3V3 Pin=C5-1
Added Pin To Net: NetName=+3V3 Pin=C8-1
Added Pin To Net: NetName=+3V3 Pin=C9-1
Added Pin To Net: NetName=+3V3 Pin=C10-1
Added Pin To Net: NetName=+3V3 Pin=C11-1
Added Pin To Net: NetName=+3V3 Pin=C12-1
Added Pin To Net: NetName=+3V3 Pin=C15-1
Added Pin To Net: NetName=+3V3 Pin=C17-1
Added Pin To Net: NetName=+3V3 Pin=C18-1
Added Pin To Net: NetName=+3V3 Pin=D-1
Added Pin To Net: NetName=+3V3 Pin=P1-5
Added Pin To Net: NetName=+3V3 Pin=R2-1
Added Pin To Net: NetName=+3V3 Pin=R5-1
Added Pin To Net: NetName=+3V3 Pin=R9-1
Added Pin To Net: NetName=+3V3 Pin=R10-1
Added Pin To Net: NetName=+3V3 Pin=R12-2
Added Pin To Net: NetName=+3V3 Pin=R21-2
Added Pin To Net: NetName=+3V3 Pin=R22-2
Added Pin To Net: NetName=+3V3 Pin=S1-1
Added Pin To Net: NetName=+3V3 Pin=U-1
Added Pin To Net: NetName=+3V3 Pin=U-4
Added Pin To Net: NetName=+3V3 Pin=U2-6
Added Pin To Net: NetName=+3V3 Pin=U2-8
Added Pin To Net: NetName=+3V3 Pin=U3-1
Added Pin To Net: NetName=+3V3 Pin=U3-6
Added Pin To Net: NetName=+3V3 Pin=U4-8
Added Pin To Net: NetName=+3V3 Pin=U5-4
Added Pin To Net: NetName=+3V3 Pin=U6-8
Added Pin To Net: NetName=+3V3 Pin=U7-2
Added Pin To Net: NetName=+3V3 Pin=VR-2
Added Pin To Net: NetName=+3V3 Pin=VR-4
Added Net: Name=+3V3
Added Pin To Net: NetName=+12V Pin=*-1
Added Pin To Net: NetName=+12V Pin=*-1
Added Pin To Net: NetName=+12V Pin=*-2
Added Pin To Net: NetName=+12V Pin=BZ1-1
Added Pin To Net: NetName=+12V Pin=C1-1
Added Pin To Net: NetName=+12V Pin=KLM2-2
Added Pin To Net: NetName=+12V Pin=R23-1
Added Pin To Net: NetName=+12V Pin=U1-1
Added Pin To Net: NetName=+12V Pin=VR-3
Added Net: Name=+12V
Added Pin To Net: NetName=BATTERY Pin=R23-2
Added Pin To Net: NetName=BATTERY Pin=R24-1
Added Pin To Net: NetName=BATTERY Pin=U7-9
Added Net: Name=BATTERY
Added Pin To Net: NetName=BUZZER_TRIG Pin=R6-2
Added Pin To Net: NetName=BUZZER_TRIG Pin=U7-26
Added Net: Name=BUZZER_TRIG
Added Pin To Net: NetName=CAP Pin=C7-1
Added Pin To Net: NetName=CAP Pin=U-2
Added Net: Name=CAP
Added Pin To Net: NetName=CLK_ESP Pin=U7-30
Added Net: Name=CLK_ESP
Added Pin To Net: NetName=CS_ESP Pin=P1-1
Added Pin To Net: NetName=CS_ESP Pin=U7-29
Added Net: Name=CS_ESP
Added Pin To Net: NetName=GND Pin=*-1
Added Pin To Net: NetName=GND Pin=*-2
Added Pin To Net: NetName=GND Pin=*-3
Added Pin To Net: NetName=GND Pin=B1-2
Added Pin To Net: NetName=GND Pin=C1-2
Added Pin To Net: NetName=GND Pin=C2-2
Added Pin To Net: NetName=GND Pin=C3-2
Added Pin To Net: NetName=GND Pin=C4-2
Added Pin To Net: NetName=GND Pin=C5-2
Added Pin To Net: NetName=GND Pin=C6-2
Added Pin To Net: NetName=GND Pin=C7-2
Added Pin To Net: NetName=GND Pin=C8-2
Added Pin To Net: NetName=GND Pin=C9-2
Added Pin To Net: NetName=GND Pin=C10-2
Added Pin To Net: NetName=GND Pin=C12-2
Added Pin To Net: NetName=GND Pin=C13-2
Added Pin To Net: NetName=GND Pin=C14-2
Added Pin To Net: NetName=GND Pin=C15-2
Added Pin To Net: NetName=GND Pin=C16-2
Added Pin To Net: NetName=GND Pin=C17-2
Added Pin To Net: NetName=GND Pin=C18-2
Added Pin To Net: NetName=GND Pin=C19-2
Added Pin To Net: NetName=GND Pin=C20-2
Added Pin To Net: NetName=GND Pin=KLM-2
Added Pin To Net: NetName=GND Pin=L1-2
Added Pin To Net: NetName=GND Pin=L2-2
Added Pin To Net: NetName=GND Pin=L3-2
Added Pin To Net: NetName=GND Pin=L4-2
Added Pin To Net: NetName=GND Pin=L5-2
Added Pin To Net: NetName=GND Pin=L6-2
Added Pin To Net: NetName=GND Pin=L7-2
Added Pin To Net: NetName=GND Pin=L8-2
Added Pin To Net: NetName=GND Pin=P1-6
Added Pin To Net: NetName=GND Pin=Q1-2
Added Pin To Net: NetName=GND Pin=R3-1
Added Pin To Net: NetName=GND Pin=R4-1
Added Pin To Net: NetName=GND Pin=R7-1
Added Pin To Net: NetName=GND Pin=R8-1
Added Pin To Net: NetName=GND Pin=R14-2
Added Pin To Net: NetName=GND Pin=R17-1
Added Pin To Net: NetName=GND Pin=R24-2
Added Pin To Net: NetName=GND Pin=R25-1
Added Pin To Net: NetName=GND Pin=R26-1
Added Pin To Net: NetName=GND Pin=R27-1
Added Pin To Net: NetName=GND Pin=S1-2
Added Pin To Net: NetName=GND Pin=SW1-2
Added Pin To Net: NetName=GND Pin=SW2-2
Added Pin To Net: NetName=GND Pin=SW3-2
Added Pin To Net: NetName=GND Pin=U-3
Added Pin To Net: NetName=GND Pin=U2-1
Added Pin To Net: NetName=GND Pin=U2-5
Added Pin To Net: NetName=GND Pin=U2-7
Added Pin To Net: NetName=GND Pin=U3-2
Added Pin To Net: NetName=GND Pin=U3-4
Added Pin To Net: NetName=GND Pin=U3-5
Added Pin To Net: NetName=GND Pin=U4-1
Added Pin To Net: NetName=GND Pin=U4-2
Added Pin To Net: NetName=GND Pin=U4-3
Added Pin To Net: NetName=GND Pin=U4-4
Added Pin To Net: NetName=GND Pin=U4-7
Added Pin To Net: NetName=GND Pin=U5-3
Added Pin To Net: NetName=GND Pin=U5-12
Added Pin To Net: NetName=GND Pin=U6-4
Added Pin To Net: NetName=GND Pin=U7-1
Added Pin To Net: NetName=GND Pin=U7-15
Added Pin To Net: NetName=GND Pin=U7-38
Added Pin To Net: NetName=GND Pin=U7-39_1
Added Pin To Net: NetName=GND Pin=U7-39_2
Added Pin To Net: NetName=GND Pin=U7-39_3
Added Pin To Net: NetName=GND Pin=U7-39_4
Added Pin To Net: NetName=GND Pin=U7-39_5
Added Pin To Net: NetName=GND Pin=U7-39_6
Added Pin To Net: NetName=GND Pin=U7-39_7
Added Pin To Net: NetName=GND Pin=U7-39_8
Added Pin To Net: NetName=GND Pin=U7-39_9
Added Pin To Net: NetName=GND Pin=U7-39_10
Added Pin To Net: NetName=GND Pin=U7-39_11
Added Pin To Net: NetName=GND Pin=U7-39_12
Added Pin To Net: NetName=GND Pin=U7-39_13
Added Pin To Net: NetName=GND Pin=U7-39_14
Added Pin To Net: NetName=GND Pin=U7-39_15
Added Pin To Net: NetName=GND Pin=U7-39_16
Added Pin To Net: NetName=GND Pin=U7-39_17
Added Pin To Net: NetName=GND Pin=U7-39_18
Added Pin To Net: NetName=GND Pin=U7-39_19
Added Pin To Net: NetName=GND Pin=U7-39_20
Added Pin To Net: NetName=GND Pin=U7-39_21
Added Net: Name=GND
Added Pin To Net: NetName=GPS_LED Pin=R13-1
Added Pin To Net: NetName=GPS_LED Pin=U5-6
Added Net: Name=GPS_LED
Added Pin To Net: NetName=IO0 Pin=C20-1
Added Pin To Net: NetName=IO0 Pin=R22-1
Added Pin To Net: NetName=IO0 Pin=SW3-1
Added Pin To Net: NetName=IO0 Pin=U7-25
Added Net: Name=IO0
Added Pin To Net: NetName=LED_1 Pin=R29-2
Added Pin To Net: NetName=LED_1 Pin=U7-24
Added Net: Name=LED_1
Added Pin To Net: NetName=LED_2 Pin=R28-2
Added Pin To Net: NetName=LED_2 Pin=U7-23
Added Net: Name=LED_2
Added Pin To Net: NetName=MISO_ESP Pin=P1-4
Added Pin To Net: NetName=MISO_ESP Pin=U7-31
Added Net: Name=MISO_ESP
Added Pin To Net: NetName=MISO Pin=R20-2
Added Pin To Net: NetName=MISO Pin=U6-6
Added Net: Name=MISO
Added Pin To Net: NetName=MOSI_ESP Pin=P1-3
Added Pin To Net: NetName=MOSI_ESP Pin=U7-37
Added Net: Name=MOSI_ESP
Added Pin To Net: NetName=MOSI Pin=R19-2
Added Pin To Net: NetName=MOSI Pin=U6-5
Added Net: Name=MOSI
Added Pin To Net: NetName=Net*_2 Pin=*-2
Added Pin To Net: NetName=Net*_2 Pin=L2-1
Added Pin To Net: NetName=Net*_2 Pin=R14-1
Added Pin To Net: NetName=Net*_2 Pin=R15-2
Added Net: Name=Net*_2
Added Pin To Net: NetName=Net*_3 Pin=*-3
Added Pin To Net: NetName=Net*_3 Pin=*-7
Added Pin To Net: NetName=Net*_3 Pin=*-8
Added Net: Name=Net*_3
Added Pin To Net: NetName=Net*_4 Pin=*-4
Added Pin To Net: NetName=Net*_4 Pin=L3-1
Added Pin To Net: NetName=Net*_4 Pin=R16-2
Added Pin To Net: NetName=Net*_4 Pin=R17-2
Added Net: Name=Net*_4
Add Net: Net with name "Net*_4" already exists
Added Pin To Net: NetName=NetB1_1 Pin=B1-1
Added Pin To Net: NetName=NetB1_1 Pin=C13-1
Added Pin To Net: NetName=NetB1_1 Pin=C14-1
Added Pin To Net: NetName=NetB1_1 Pin=R11-2
Added Pin To Net: NetName=NetB1_1 Pin=U5-5
Added Net: Name=NetB1_1
Added Pin To Net: NetName=NetBZ1_2 Pin=BZ1-2
Added Pin To Net: NetName=NetBZ1_2 Pin=Q1-3
Added Net: Name=NetBZ1_2
Added Pin To Net: NetName=NetC19_1 Pin=C19-1
Added Pin To Net: NetName=NetC19_1 Pin=R21-1
Added Pin To Net: NetName=NetC19_1 Pin=SW2-1
Added Pin To Net: NetName=NetC19_1 Pin=U7-3
Added Net: Name=NetC19_1
Added Pin To Net: NetName=NetD1_2 Pin=D1-2
Added Pin To Net: NetName=NetD1_2 Pin=R25-2
Added Net: Name=NetD1_2
Added Pin To Net: NetName=NetD1_4 Pin=D1-4
Added Pin To Net: NetName=NetD1_4 Pin=R26-2
Added Net: Name=NetD1_4
Added Pin To Net: NetName=NetD1_6 Pin=D1-6
Added Pin To Net: NetName=NetD1_6 Pin=R27-2
Added Net: Name=NetD1_6
Added Pin To Net: NetName=NetD_2 Pin=D-2
Added Pin To Net: NetName=NetD_2 Pin=R11-1
Added Net: Name=NetD_2
Added Pin To Net: NetName=NetKLM1_1 Pin=KLM1-1
Added Pin To Net: NetName=NetKLM1_1 Pin=R1-2
Added Pin To Net: NetName=NetKLM1_1 Pin=R3-2
Added Net: Name=NetKLM1_1
Added Pin To Net: NetName=NetL1_1 Pin=L1-1
Added Pin To Net: NetName=NetL1_1 Pin=R13-2
Added Net: Name=NetL1_1
Added Pin To Net: NetName=NetL4_1 Pin=L4-1
Added Pin To Net: NetName=NetL4_1 Pin=R18-1
Added Net: Name=NetL4_1
Added Pin To Net: NetName=NetL5_1 Pin=L5-1
Added Pin To Net: NetName=NetL5_1 Pin=R19-1
Added Net: Name=NetL5_1
Added Pin To Net: NetName=NetL6_1 Pin=L6-1
Added Pin To Net: NetName=NetL6_1 Pin=R20-1
Added Net: Name=NetL6_1
Added Pin To Net: NetName=NetL7_1 Pin=L7-1
Added Pin To Net: NetName=NetL7_1 Pin=R28-1
Added Net: Name=NetL7_1
Added Pin To Net: NetName=NetL8_1 Pin=L8-1
Added Pin To Net: NetName=NetL8_1 Pin=R29-1
Added Net: Name=NetL8_1
Added Pin To Net: NetName=NetQ1_1 Pin=Q1-1
Added Pin To Net: NetName=NetQ1_1 Pin=R6-1
Added Pin To Net: NetName=NetQ1_1 Pin=R7-2
Added Net: Name=NetQ1_1
Added Pin To Net: NetName=NetR1_1 Pin=R1-1
Added Pin To Net: NetName=NetR1_1 Pin=U1-3
Added Net: Name=NetR1_1
Added Pin To Net: NetName=NetR2_2 Pin=R2-2
Added Pin To Net: NetName=NetR2_2 Pin=R4-2
Added Pin To Net: NetName=NetR2_2 Pin=VR-1
Added Net: Name=NetR2_2
Added Pin To Net: NetName=NetR5_2 Pin=R5-2
Added Pin To Net: NetName=NetR5_2 Pin=U2-2
Added Net: Name=NetR5_2
Added Pin To Net: NetName=NetR8_2 Pin=R8-2
Added Pin To Net: NetName=NetR8_2 Pin=U3-12
Added Net: Name=NetR8_2
Added Pin To Net: NetName=NetR12_1 Pin=R12-1
Added Pin To Net: NetName=NetR12_1 Pin=U5-10
Added Net: Name=NetR12_1
Added Pin To Net: NetName=PROG_RX Pin=U7-34
Added Net: Name=PROG_RX
Added Pin To Net: NetName=PROG_TX Pin=U7-35
Added Net: Name=PROG_TX
Added Pin To Net: NetName=RESET Pin=C16-1
Added Pin To Net: NetName=RESET Pin=SW1-1
Added Pin To Net: NetName=RESET Pin=U6-1
Added Net: Name=RESET
Added Pin To Net: NetName=RGB_BLUE Pin=D1-5
Added Pin To Net: NetName=RGB_BLUE Pin=U7-12
Added Net: Name=RGB_BLUE
Added Pin To Net: NetName=RGB_GREEN Pin=D1-3
Added Pin To Net: NetName=RGB_GREEN Pin=U7-13
Added Net: Name=RGB_GREEN
Added Pin To Net: NetName=RGB_RED Pin=D1-1
Added Pin To Net: NetName=RGB_RED Pin=U7-14
Added Net: Name=RGB_RED
Added Pin To Net: NetName=RX_GPS Pin=U5-2
Added Pin To Net: NetName=RX_GPS Pin=U7-17
Added Net: Name=RX_GPS
Added Pin To Net: NetName=RX_LORA Pin=*-3
Added Pin To Net: NetName=RX_LORA Pin=U7-27
Added Net: Name=RX_LORA
Added Pin To Net: NetName=SCK_ESP Pin=P1-2
Added Net: Name=SCK_ESP
Added Pin To Net: NetName=SCK Pin=R18-2
Added Pin To Net: NetName=SCK Pin=U6-7
Added Net: Name=SCK
Added Pin To Net: NetName=SCL Pin=R10-2
Added Pin To Net: NetName=SCL Pin=S1-3
Added Pin To Net: NetName=SCL Pin=U-8
Added Pin To Net: NetName=SCL Pin=U2-4
Added Pin To Net: NetName=SCL Pin=U3-14
Added Pin To Net: NetName=SCL Pin=U4-6
Added Pin To Net: NetName=SCL Pin=U7-36
Added Net: Name=SCL
Added Pin To Net: NetName=SDA Pin=R9-2
Added Pin To Net: NetName=SDA Pin=S1-4
Added Pin To Net: NetName=SDA Pin=U-7
Added Pin To Net: NetName=SDA Pin=U2-3
Added Pin To Net: NetName=SDA Pin=U3-13
Added Pin To Net: NetName=SDA Pin=U4-5
Added Pin To Net: NetName=SDA Pin=U7-33
Added Net: Name=SDA
Added Pin To Net: NetName=TRIGGER1 Pin=R16-1
Added Pin To Net: NetName=TRIGGER1 Pin=U6-2
Added Net: Name=TRIGGER1
Added Pin To Net: NetName=TRIGGER2 Pin=R15-1
Added Pin To Net: NetName=TRIGGER2 Pin=U6-3
Added Net: Name=TRIGGER2
Added Pin To Net: NetName=TX_GPS Pin=U5-1
Added Pin To Net: NetName=TX_GPS Pin=U7-18
Added Net: Name=TX_GPS
Added Pin To Net: NetName=TX_LORA Pin=*-4
Added Pin To Net: NetName=TX_LORA Pin=U7-28
Added Net: Name=TX_LORA
Added Pin To Net: NetName=VCC Pin=KLM-1
Added Pin To Net: NetName=VCC Pin=KLM1-2
Added Pin To Net: NetName=VCC Pin=KLM2-1
Added Pin To Net: NetName=VCC Pin=U1-4
Added Net: Name=VCC
Added Class: Name=Motor_Kontrol
Added Class: Name=Power
Added Class: Name=Sensor
Added Class: Name=Ýþlemci
