Removed Pin From Net: NetName=NetB1_1 Pin=B1-1
Removed Pin From Net: NetName=GND Pin=B1-2
Removed Pin From Net: NetName=+3V3 Pin=C6-2
Removed Pin From Net: NetName=SDA Pin=CON2-1
Removed Pin From Net: NetName=SCL Pin=CON2-2
Removed Pin From Net: NetName=+3V3 Pin=IC1-2
Removed Pin From Net: NetName=+3V3 Pin=IC1-4
Removed Pin From Net: NetName=GND Pin=KLM1-1
Removed Pin From Net: NetName=+12V_D Pin=KLM1-2
Removed Pin From Net: NetName=+3V3 Pin=R7-2
Removed Member From Class: ClassName=Sheet2 Member=B1
Added Component: Designator=BT1(BAT_MS621FE-FL11E)
Add component (AddParameter): Name = "Availability"; Value = "In Stock"; VariantName = "[No Variations]"
Add component (AddParameter): Name = "Check_prices"; Value = "https://www.snapeda.com/parts/MS621FE-FL11E/Seiko%20Instruments/view-part/6886595/?ref=eda"; VariantName = "[No Variations]"
Add component (AddParameter): Name = "MF"; Value = "Seiko Instruments"; VariantName = "[No Variations]"
Add component (AddParameter): Name = "MP"; Value = "MS621FE-FL11E"; VariantName = "[No Variations]"
Add component (AddParameter): Name = "Package"; Value = "QFP-128 Seiko"; VariantName = "[No Variations]"
Add component (AddParameter): Name = "Price"; Value = "None"; VariantName = "[No Variations]"
Add component (AddParameter): Name = "Purchase-URL"; Value = "https://pricing.snapeda.com/search/part/MS621FE-FL11E/?ref=eda"; VariantName = "[No Variations]"
Add component (AddParameter): Name = "SnapEDA_Link"; Value = "https://www.snapeda.com/parts/MS621FE-FL11E/Seiko%20Instruments/view-part/6886595/?ref=snap"; VariantName = "[No Variations]"
Add component (AddParameter): Name = "Value"; Value = ""; VariantName = "[No Variations]"
Added Component: Designator=C7(CAP_805)
Added Component: Designator=C8(CAP_805)
Added Component: Designator=C9(CAP_805)
Added Component: Designator=C10(CAP_805)
Added Component: Designator=C11(CAP_805)
Added Component: Designator=C12(CAP_805)
Added Component: Designator=CON4(2 pin konnektor)
Added Component: Designator=CYS1(Kristal - HC-49Us -smd)
Added Component: Designator=L3(Led 1206)
Added Component: Designator=L4(Led 1206)
Added Component: Designator=L5(Led 1206)
Added Component: Designator=L6(Led 1206)
Added Component: Designator=PROG(5 PIN 2.54MM)
Added Component: Designator=R10(RES_1206)
Added Component: Designator=R11(RES_1206)
Added Component: Designator=R12(RES_1206)
Added Component: Designator=R13(RES_1206)
Added Component: Designator=R14(RES_1206)
Added Component: Designator=R15(RES_1206)
Added Component: Designator=R16(RES_1206)
Added Component: Designator=R17(RES_1206)
Added Component: Designator=SW1(SW_1437566-3)
Add component (AddParameter): Name = "Availability"; Value = "Unavailable"; VariantName = "[No Variations]"
Add component (AddParameter): Name = "MF"; Value = ""; VariantName = "[No Variations]"
Add component (AddParameter): Name = "MP"; Value = "1437566-3"; VariantName = "[No Variations]"
Add component (AddParameter): Name = "Package"; Value = "None"; VariantName = "[No Variations]"
Add component (AddParameter): Name = "Price"; Value = "None"; VariantName = "[No Variations]"
Add component (AddParameter): Name = "Value"; Value = ""; VariantName = "[No Variations]"
Added Component: Designator=U4(QFP80P900X900X120-32N)
Add component (AddParameter): Name = "Availability"; Value = "In Stock"; VariantName = "[No Variations]"
Add component (AddParameter): Name = "Check_prices"; Value = "https://www.snapeda.com/parts/ATMEGA328P-AU/Microchip/view-part/?ref=eda"; VariantName = "[No Variations]"
Add component (AddParameter): Name = "MF"; Value = "Microchip Technology"; VariantName = "[No Variations]"
Add component (AddParameter): Name = "MP"; Value = "ATMEGA328P-AU"; VariantName = "[No Variations]"
Add component (AddParameter): Name = "Package"; Value = "TQFP-32 Microchip"; VariantName = "[No Variations]"
Add component (AddParameter): Name = "Price"; Value = "None"; VariantName = "[No Variations]"
Add component (AddParameter): Name = "Purchase-URL"; Value = "https://pricing.snapeda.com/search/part/ATMEGA328P-AU/?ref=eda"; VariantName = "[No Variations]"
Add component (AddParameter): Name = "SnapEDA_Link"; Value = "https://www.snapeda.com/parts/ATMEGA328P-AU/Microchip/view-part/?ref=snap"; VariantName = "[No Variations]"
Add component (AddParameter): Name = "Value"; Value = ""; VariantName = "[No Variations]"
Added Pin To Net: NetName=GND Pin=BT1-NEG
Added Pin To Net: NetName=NetB1_1 Pin=BT1-POS
Added Pin To Net: NetName=3V3 Pin=C6-2
Added Pin To Net: NetName=GND Pin=C7-1
Added Pin To Net: NetName=GND Pin=C8-1
Added Pin To Net: NetName=+3V3 Pin=C8-2
Added Pin To Net: NetName=GND Pin=C9-1
Added Pin To Net: NetName=+3V3 Pin=C9-2
Added Pin To Net: NetName=GND Pin=C10-1
Added Pin To Net: NetName=+3V3 Pin=C10-2
Added Pin To Net: NetName=GND Pin=C11-1
Added Pin To Net: NetName=GND Pin=C12-1
Added Pin To Net: NetName=GND Pin=CON2-2
Added Pin To Net: NetName=NetCON4_1 Pin=CON4-1
Added Pin To Net: NetName=NetCON4_2 Pin=CON4-2
Added Pin To Net: NetName=3V3 Pin=IC1-2
Added Pin To Net: NetName=3V3 Pin=IC1-4
Added Pin To Net: NetName=+12V_D Pin=KLM1-1
Added Pin To Net: NetName=GND Pin=KLM1-2
Added Pin To Net: NetName=GND Pin=L3-2
Added Pin To Net: NetName=GND Pin=L4-2
Added Pin To Net: NetName=GND Pin=L5-2
Added Pin To Net: NetName=GND Pin=L6-2
Added Pin To Net: NetName=GND Pin=PROG-5
Added Pin To Net: NetName=3V3 Pin=R7-2
Added Pin To Net: NetName=+12V Pin=R14-1
Added Pin To Net: NetName=GND Pin=R15-2
Added Pin To Net: NetName=+3V3 Pin=R16-2
Added Pin To Net: NetName=+3V3 Pin=R17-2
Added Pin To Net: NetName=GND Pin=SW1-1
Added Pin To Net: NetName=GND Pin=U4-3
Added Pin To Net: NetName=+3V3 Pin=U4-4
Added Pin To Net: NetName=GND Pin=U4-5
Added Pin To Net: NetName=+3V3 Pin=U4-6
Added Pin To Net: NetName=+3V3 Pin=U4-18
Added Pin To Net: NetName=GND Pin=U4-21
Added Pin To Net: NetName=SDA Pin=U4-27
Added Pin To Net: NetName=SCL Pin=U4-28
Change Net Name : Old Net Name=NetB1_1 New Net Name=NetBT1_POS
Added Pin To Net: NetName=BATTERY Pin=R14-2
Added Pin To Net: NetName=BATTERY Pin=R15-1
Added Pin To Net: NetName=BATTERY Pin=U4-23
Added Net: Name=BATTERY
Added Pin To Net: NetName=FREE_FALL Pin=CON2-1
Added Pin To Net: NetName=FREE_FALL Pin=R16-1
Added Pin To Net: NetName=FREE_FALL Pin=U4-32
Added Net: Name=FREE_FALL
Added Pin To Net: NetName=LED CNTRL Pin=R12-2
Added Pin To Net: NetName=LED CNTRL Pin=U4-13
Added Net: Name=LED CNTRL
Added Pin To Net: NetName=LED PWR Pin=R11-2
Added Pin To Net: NetName=LED PWR Pin=U4-12
Added Net: Name=LED PWR
Added Pin To Net: NetName=LED REG Pin=R10-2
Added Net: Name=LED REG
Added Pin To Net: NetName=LEDSÝGN Pin=R13-2
Added Pin To Net: NetName=LEDSÝGN Pin=U4-14
Added Net: Name=LEDSÝGN
Added Pin To Net: NetName=MISO Pin=PROG-2
Added Pin To Net: NetName=MISO Pin=U4-16
Added Net: Name=MISO
Added Pin To Net: NetName=MOSI Pin=PROG-3
Added Pin To Net: NetName=MOSI Pin=U4-15
Added Net: Name=MOSI
Added Pin To Net: NetName=NetC7_2 Pin=C7-2
Added Pin To Net: NetName=NetC7_2 Pin=U4-20
Added Net: Name=NetC7_2
Added Pin To Net: NetName=NetL3_1 Pin=L3-1
Added Pin To Net: NetName=NetL3_1 Pin=R10-1
Added Net: Name=NetL3_1
Added Pin To Net: NetName=NetL4_1 Pin=L4-1
Added Pin To Net: NetName=NetL4_1 Pin=R11-1
Added Net: Name=NetL4_1
Added Pin To Net: NetName=NetL5_1 Pin=L5-1
Added Pin To Net: NetName=NetL5_1 Pin=R12-1
Added Net: Name=NetL5_1
Added Pin To Net: NetName=NetL6_1 Pin=L6-1
Added Pin To Net: NetName=NetL6_1 Pin=R13-1
Added Net: Name=NetL6_1
Added Pin To Net: NetName=OSC1 Pin=C11-2
Added Pin To Net: NetName=OSC1 Pin=CYS1-1
Added Pin To Net: NetName=OSC1 Pin=U4-7
Added Net: Name=OSC1
Added Pin To Net: NetName=OSC2 Pin=C12-2
Added Pin To Net: NetName=OSC2 Pin=CYS1-2
Added Pin To Net: NetName=OSC2 Pin=U4-8
Added Net: Name=OSC2
Added Pin To Net: NetName=RESET Pin=PROG-4
Added Pin To Net: NetName=RESET Pin=R17-1
Added Pin To Net: NetName=RESET Pin=SW1-2
Added Pin To Net: NetName=RESET Pin=U4-29
Added Net: Name=RESET
Added Pin To Net: NetName=RXD Pin=CON1-2
Added Pin To Net: NetName=RXD Pin=U2-2
Added Pin To Net: NetName=RXD Pin=U4-30
Added Net: Name=RXD
Added Pin To Net: NetName=SCK Pin=PROG-1
Added Pin To Net: NetName=SCK Pin=U4-17
Added Net: Name=SCK
Added Pin To Net: NetName=TXD Pin=CON1-1
Added Pin To Net: NetName=TXD Pin=U2-1
Added Pin To Net: NetName=TXD Pin=U4-31
Added Net: Name=TXD
Added Class: Name=Sheet5
Added Member To Class: ClassName=Sheet2 Member=Component BT1 MS621FE-FL11E
Added Member To Class: ClassName=Sheet2 Member=Component CON1 2 PIN KON
Added Member To Class: ClassName=Sheet2 Member=Component CON3 2 PIN KON
Added Member To Class: ClassName=Sheet2 Member=Component CON4 2 Pin Jst Konnektör
Added Member To Class: ClassName=Sheet2 Member=Component L3 Led Red
Added Member To Class: ClassName=Sheet2 Member=Component R10 RES 220R 1206
