Removed Pin From Net: NetName=TX_GPS Pin=CON1-1
Removed Pin From Net: NetName=RX_GPS Pin=CON1-2
Removed Pin From Net: NetName=SCL Pin=CON2-1
Removed Pin From Net: NetName=SDA Pin=CON2-2
Removed Pin From Net: NetName=TX_BTH Pin=CON3-1
Removed Pin From Net: NetName=RX_BTH Pin=CON3-2
Removed Pin From Net: NetName=+3V3 Pin=IC1-2
Removed Pin From Net: NetName=+3V3 Pin=IC1-4
Removed Pin From Net: NetName=GND Pin=KLM1-1
Removed Pin From Net: NetName=+12V_D Pin=KLM1-2
Removed Pin From Net: NetName=+3V3 Pin=R7-2
Added Component: Designator=CON1(2 PIN 2.54MM)
Added Component: Designator=CON2(2 PIN 2.54MM)
Added Component: Designator=CON3(2 PIN 2.54MM)
Added Component: Designator=CON4(2 pin konnektor)
Added Pin To Net: NetName=TX_GPS Pin=CON1-1
Added Pin To Net: NetName=RX_GPS Pin=CON1-2
Added Pin To Net: NetName=SCL Pin=CON2-1
Added Pin To Net: NetName=SDA Pin=CON2-2
Added Pin To Net: NetName=RX_BTH Pin=CON3-1
Added Pin To Net: NetName=TX_BTH Pin=CON3-2
Added Pin To Net: NetName=NetCON4_1 Pin=CON4-1
Added Pin To Net: NetName=NetCON4_2 Pin=CON4-2
Added Pin To Net: NetName=3V3 Pin=IC1-2
Added Pin To Net: NetName=3V3 Pin=IC1-4
Added Pin To Net: NetName=+12V_D Pin=KLM1-1
Added Pin To Net: NetName=GND Pin=KLM1-2
Added Pin To Net: NetName=3V3 Pin=R7-2
Added Member To Class: ClassName=Sheet2 Member=Component CON4 2 Pin Jst Konnektör
