Add Component: Footprint Not Found CR2032
Add Component: Footprint Not Found CAP_805
Add Component: Footprint Not Found CAP_805
Add Component: Footprint Not Found CAP_805
Add Component: Footprint Not Found CAP_805
Added Component: Designator=CON1(4 PIN 2.54MM)
Add Component: Footprint Not Found DO214AA
Added Component: Designator=D2(DIOM5226X240N)
Added Component: Designator=IC1(SOT230P700X180-4N)
Added Component: Designator=KLM1(5.08mm-2 pin)
Add Component: Footprint Not Found Led 1206
Added Component: Designator=R1(RES_1206)
Added Component: Designator=R2(RES_1206)
Added Component: Designator=R3(RES_1206)
Add Component: Footprint Not Found RES_1206
Add Component: Footprint Not Found RES_1206
Add Component: Footprint Not Found RES_1206
Added Component: Designator=S1(SEN0140)
Added Component: Designator=U2(soic-8)
Add component (AddParameter): Name = "Access Time"; Value = "900ns"; VariantName = "[No Variations]"
Add component (AddParameter): Name = "Access Time-Max"; Value = "900ns"; VariantName = "[No Variations]"
Add component (AddParameter): Name = "Case/Package"; Value = "SOIC"; VariantName = "[No Variations]"
Add component (AddParameter): Name = "Category"; Value = "EEPROM"; VariantName = "[No Variations]"
Add component (AddParameter): Name = "ComponentLink1Description"; Value = "https://datasheet.ciiva.com/26870/24lc512-i-sm-26870738.pdf?src-supplier=IIIC"; VariantName = "[No Variations]"
Add component (AddParameter): Name = "ComponentLink1URL"; Value = "https://datasheet.ciiva.com/26870/24lc512-i-sm-26870738.pdf?src-supplier=IIIC"; VariantName = "[No Variations]"
Add component (AddParameter): Name = "ComponentLink2Description"; Value = "https://datasheet.ciiva.com/29294/160414-da-01-en-eeprom-24lc512-i-sm-microchip-29294348.pdf?src-supplier=Conrad"; VariantName = "[No Variations]"
Add component (AddParameter): Name = "ComponentLink2URL"; Value = "https://datasheet.ciiva.com/29294/160414-da-01-en-eeprom-24lc512-i-sm-microchip-29294348.pdf?src-supplier=Conrad"; VariantName = "[No Variations]"
Add component (AddParameter): Name = "ComponentLink3Description"; Value = "https://datasheet.ciiva.com/17651/21754m-17651369.pdf?src-supplier=Avnet+Europe"; VariantName = "[No Variations]"
Add component (AddParameter): Name = "ComponentLink3URL"; Value = "https://datasheet.ciiva.com/17651/21754m-17651369.pdf?src-supplier=Avnet+Europe"; VariantName = "[No Variations]"
Add component (AddParameter): Name = "ComponentLink4Description"; Value = "https://datasheet.ciiva.com/1155/1688094-1155274.pdf?src-supplier=Element14"; VariantName = "[No Variations]"
Add component (AddParameter): Name = "ComponentLink4URL"; Value = "https://datasheet.ciiva.com/1155/1688094-1155274.pdf?src-supplier=Element14"; VariantName = "[No Variations]"
Add component (AddParameter): Name = "ComponentLink5Description"; Value = "https://datasheet.ciiva.com/1155/1688094-1155275.pdf?src-supplier=Element14"; VariantName = "[No Variations]"
Add component (AddParameter): Name = "ComponentLink5URL"; Value = "https://datasheet.ciiva.com/1155/1688094-1155275.pdf?src-supplier=Element14"; VariantName = "[No Variations]"
Add component (AddParameter): Name = "ComponentLink6Description"; Value = "https://datasheet.ciiva.com/3184/21754m-3184956.pdf?src-supplier=Avnet"; VariantName = "[No Variations]"
Add component (AddParameter): Name = "ComponentLink6URL"; Value = "https://datasheet.ciiva.com/3184/21754m-3184956.pdf?src-supplier=Avnet"; VariantName = "[No Variations]"
Add component (AddParameter): Name = "ComponentLink7Description"; Value = "https://datasheet.ciiva.com/16921/70045251-16921949.pdf?src-supplier=Allied+Electronics"; VariantName = "[No Variations]"
Add component (AddParameter): Name = "ComponentLink7URL"; Value = "https://datasheet.ciiva.com/16921/70045251-16921949.pdf?src-supplier=Allied+Electronics"; VariantName = "[No Variations]"
Add component (AddParameter): Name = "ComponentLink8Description"; Value = "https://datasheet.ciiva.com/16304/filehandler-aspxddocname-en546203-16304574.pdf?src-supplier=Future+Electronics"; VariantName = "[No Variations]"
Add component (AddParameter): Name = "ComponentLink8URL"; Value = "https://datasheet.ciiva.com/16304/filehandler-aspxddocname-en546203-16304574.pdf?src-supplier=Future+Electronics"; VariantName = "[No Variations]"
Add component (AddParameter): Name = "Density"; Value = "512Kb"; VariantName = "[No Variations]"
Add component (AddParameter): Name = "Designed by"; Value = "Ahmet Azboy"; VariantName = "[No Variations]"
Add component (AddParameter): Name = "Frequency"; Value = "400kHz"; VariantName = "[No Variations]"
Add component (AddParameter): Name = "Height"; Value = "1.88mm"; VariantName = "[No Variations]"
Add component (AddParameter): Name = "Lead Free"; Value = "Lead Free"; VariantName = "[No Variations]"
Add component (AddParameter): Name = "Length"; Value = "5.21mm"; VariantName = "[No Variations]"
Add component (AddParameter): Name = "Manufacturer"; Value = "Microchip"; VariantName = "[No Variations]"
Add component (AddParameter): Name = "Manufacturer Part Number"; Value = "24LC512-I/SM"; VariantName = "[No Variations]"
Add component (AddParameter): Name = "Max Frequency"; Value = "400kHz"; VariantName = "[No Variations]"
Add component (AddParameter): Name = "Max Operating Temperature"; Value = "85°C"; VariantName = "[No Variations]"
Add component (AddParameter): Name = "Max Supply Voltage"; Value = "5.5V"; VariantName = "[No Variations]"
Add component (AddParameter): Name = "Memory Size"; Value = "512Kb"; VariantName = "[No Variations]"
Add component (AddParameter): Name = "Memory Type"; Value = "EEPROM"; VariantName = "[No Variations]"
Add component (AddParameter): Name = "Min Operating Temperature"; Value = "-40°C"; VariantName = "[No Variations]"
Add component (AddParameter): Name = "Min Supply Voltage"; Value = "2.5V"; VariantName = "[No Variations]"
Add component (AddParameter): Name = "Mount"; Value = "Surface Mount"; VariantName = "[No Variations]"
Add component (AddParameter): Name = "Nominal Supply Current"; Value = "5mA"; VariantName = "[No Variations]"
Add component (AddParameter): Name = "Number of Pins"; Value = "8"; VariantName = "[No Variations]"
Add component (AddParameter): Name = "Organization"; Value = "64KX8"; VariantName = "[No Variations]"
Add component (AddParameter): Name = "Package Quantity"; Value = "90"; VariantName = "[No Variations]"
Add component (AddParameter): Name = "Packaging"; Value = "Rail/Tube"; VariantName = "[No Variations]"
Add component (AddParameter): Name = "Pricing 1"; Value = "90=1,48900 (GBP)"; VariantName = "[No Variations]"
Add component (AddParameter): Name = "Programming Voltage"; Value = "5.5V"; VariantName = "[No Variations]"
Add component (AddParameter): Name = "Radiation Hardening"; Value = "No"; VariantName = "[No Variations]"
Add component (AddParameter): Name = "REACH SVHC"; Value = "No SVHC"; VariantName = "[No Variations]"
Add component (AddParameter): Name = "RoHS"; Value = "Yes"; VariantName = "[No Variations]"
Add component (AddParameter): Name = "RoHS Compliant"; Value = "Yes"; VariantName = "[No Variations]"
Add component (AddParameter): Name = "Stock 1"; Value = "53"; VariantName = "[No Variations]"
Add component (AddParameter): Name = "Supplier 1"; Value = "RSComponents"; VariantName = "[No Variations]"
Add component (AddParameter): Name = "Supplier Part Number 1"; Value = "8895724"; VariantName = "[No Variations]"
Add component (AddParameter): Name = "Supply Current"; Value = "5mA"; VariantName = "[No Variations]"
Add component (AddParameter): Name = "Supply Voltage-Nom"; Value = "5.5V"; VariantName = "[No Variations]"
Add component (AddParameter): Name = "Width"; Value = "5.28mm"; VariantName = "[No Variations]"
Add component (AddParameter): Name = "Write Cycle Time-Max (tWC)"; Value = "5ms"; VariantName = "[No Variations]"
Add component (AddParameter): Name = "Write Protection"; Value = "YES"; VariantName = "[No Variations]"
Add component (AddParameter): Name = "Interface"; Value = "I2C,Serial,2-Wire"; VariantName = "[No Variations]"
Add Component: Footprint Not Found L-80
Added Pin To Net: NetName=+3V3 Pin=R2-2
Added Pin To Net: NetName=+3V3 Pin=R3-2
Added Pin To Net: NetName=+3V3 Pin=S1-1
Added Pin To Net: NetName=+3V3 Pin=U2-8
Added Net: Name=+3V3
Added Pin To Net: NetName=+12V_D Pin=D2-A
Added Pin To Net: NetName=+12V_D Pin=KLM1-1
Added Net: Name=+12V_D
Added Pin To Net: NetName=+12V Pin=D2-C
Added Pin To Net: NetName=+12V Pin=IC1-3
Added Net: Name=+12V
Added Pin To Net: NetName=GND Pin=KLM1-2
Added Pin To Net: NetName=GND Pin=S1-2
Added Pin To Net: NetName=GND Pin=U2-4
Added Net: Name=GND
Added Net: Name=Led_Gps
Added Net: Name=NetB1_1
Added Net: Name=NetD1_2
Added Net: Name=NetL1_1
Added Pin To Net: NetName=NetR1_1 Pin=R1-1
Added Pin To Net: NetName=NetR1_1 Pin=IC1-1
Added Net: Name=NetR1_1
Added Net: Name=NetR5_2
Added Pin To Net: NetName=RX_GPS Pin=CON1-2
Added Net: Name=RX_GPS
Added Pin To Net: NetName=SCL Pin=CON1-3
Added Pin To Net: NetName=SCL Pin=R2-1
Added Pin To Net: NetName=SCL Pin=S1-3
Added Pin To Net: NetName=SCL Pin=U2-6
Added Net: Name=SCL
Added Pin To Net: NetName=SDA Pin=CON1-4
Added Pin To Net: NetName=SDA Pin=R3-1
Added Pin To Net: NetName=SDA Pin=S1-4
Added Pin To Net: NetName=SDA Pin=U2-5
Added Net: Name=SDA
Added Pin To Net: NetName=TX_GPS Pin=CON1-1
Added Net: Name=TX_GPS
Added Class: Name=Sheet2
