Add Component: Footprint Not Found CR2032
Add Component: Footprint Not Found CAP_805
Add Component: Footprint Not Found CAP_805
Add Component: Footprint Not Found CAP_805
Add Component: Footprint Not Found CAP_805
Added Component: Designator=C5(CAP_805)
Added Component: Designator=C6(CAP_805)
Added Component: Designator=CON1(2 pin konnektor)
Added Component: Designator=CON2(2 pin konnektor)
Added Component: Designator=CON3(2 pin konnektor)
Added Component: Designator=CON4(2 pin konnektor)
Add Component: Footprint Not Found DO214AA
Added Component: Designator=D2(DIOM5226X240N)
Added Component: Designator=IC1(SOT230P700X180-4N)
Added Component: Designator=KLM1(5.08mm-2 pin)
Add Component: Footprint Not Found Led 1206
Add Component: Footprint Not Found Led 1206
Added Component: Designator=R1(RES_1206)
Added Component: Designator=R2(RES_1206)
Added Component: Designator=R3(RES_1206)
Add Component: Footprint Not Found RES_1206
Add Component: Footprint Not Found RES_1206
Add Component: Footprint Not Found RES_1206
Added Component: Designator=R7(RES_1206)
Add Component: Footprint Not Found RES_1206
Add Component: Footprint Not Found RES_1206
Added Component: Designator=S1(SEN0140)
Add Component: Footprint Not Found HC-06
Added Component: Designator=U2(L-80)
Add component (AddParameter): Name = "Designed By"; Value = "Ahmet Azboy"; VariantName = "[No Variations]"
Add component (AddParameter): Name = "Name"; Value = "Quetcel L80"; VariantName = "[No Variations]"
Add Pin To Net: Unknown Pin: Pin B1-1
Add Pin To Net: Unknown Pin: Pin B1-2
Add Pin To Net: Unknown Pin: Pin C1-1
Add Pin To Net: Unknown Pin: Pin C1-2
Add Pin To Net: Unknown Pin: Pin C2-1
Add Pin To Net: Unknown Pin: Pin C2-2
Add Pin To Net: Unknown Pin: Pin C3-1
Add Pin To Net: Unknown Pin: Pin C3-2
Add Pin To Net: Unknown Pin: Pin C4-1
Add Pin To Net: Unknown Pin: Pin C4-2
Added Pin To Net: NetName=GND Pin=C5-1
Added Pin To Net: NetName=+12V Pin=C5-2
Added Pin To Net: NetName=GND Pin=C6-1
Added Pin To Net: NetName=TX_GPS Pin=CON1-1
Added Pin To Net: NetName=RX_GPS Pin=CON1-2
Added Pin To Net: NetName=SCL Pin=CON2-1
Added Pin To Net: NetName=SDA Pin=CON2-2
Add Pin To Net: Unknown Pin: Pin D1-1
Add Pin To Net: Unknown Pin: Pin D1-2
Added Pin To Net: NetName=+12V_D Pin=D2-A
Added Pin To Net: NetName=+12V Pin=D2-C
Added Pin To Net: NetName=NetR1_1 Pin=IC1-1
Added Pin To Net: NetName=+12V Pin=IC1-3
Added Pin To Net: NetName=+12V_D Pin=KLM1-1
Added Pin To Net: NetName=GND Pin=KLM1-2
Add Pin To Net: Unknown Pin: Pin L1-1
Add Pin To Net: Unknown Pin: Pin L1-2
Add Pin To Net: Unknown Pin: Pin L2-2
Added Pin To Net: NetName=NetR1_1 Pin=R1-1
Added Pin To Net: NetName=GND Pin=R1-2
Added Pin To Net: NetName=SCL Pin=R2-1
Added Pin To Net: NetName=+3V3 Pin=R2-2
Added Pin To Net: NetName=SDA Pin=R3-1
Added Pin To Net: NetName=+3V3 Pin=R3-2
Add Pin To Net: Unknown Pin: Pin R4-1
Add Pin To Net: Unknown Pin: Pin R4-2
Add Pin To Net: Unknown Pin: Pin R5-1
Add Pin To Net: Unknown Pin: Pin R5-2
Add Pin To Net: Unknown Pin: Pin R6-1
Add Pin To Net: Unknown Pin: Pin R6-2
Added Pin To Net: NetName=NetR1_1 Pin=R7-1
Add Pin To Net: Unknown Pin: Pin R8-1
Added Pin To Net: NetName=+3V3 Pin=S1-1
Added Pin To Net: NetName=GND Pin=S1-2
Added Pin To Net: NetName=SCL Pin=S1-3
Added Pin To Net: NetName=SDA Pin=S1-4
Add Pin To Net: Unknown Pin: Pin S2-1
Add Pin To Net: Unknown Pin: Pin S2-2
Add Pin To Net: Unknown Pin: Pin S2-3
Add Pin To Net: Unknown Pin: Pin S2-4
Add Pin To Net: Unknown Pin: Pin U1-12
Add Pin To Net: Unknown Pin: Pin U1-13
Add Pin To Net: Unknown Pin: Pin U1-21
Added Pin To Net: NetName=TX_GPS Pin=U2-1
Added Pin To Net: NetName=RX_GPS Pin=U2-2
Added Pin To Net: NetName=GND Pin=U2-3
Added Pin To Net: NetName=+3V3 Pin=U2-4
Added Pin To Net: NetName=NetB1_1 Pin=U2-5
Added Pin To Net: NetName=Led_Gps Pin=U2-6
Added Pin To Net: NetName=NetR5_2 Pin=U2-10
Added Pin To Net: NetName=GND Pin=U2-12
Added Pin To Net: NetName=3V3 Pin=C6-2
Added Pin To Net: NetName=3V3 Pin=R7-2
Added Pin To Net: NetName=3V3 Pin=IC1-2
Added Pin To Net: NetName=3V3 Pin=IC1-4
Added Net: Name=3V3
Added Net: Name=L_B
Added Pin To Net: NetName=NetCON4_1 Pin=CON4-1
Added Net: Name=NetCON4_1
Added Pin To Net: NetName=NetCON4_2 Pin=CON4-2
Added Net: Name=NetCON4_2
Added Net: Name=NetL2_1
Added Net: Name=NetR8_2
Added Pin To Net: NetName=RX_BTH Pin=CON3-1
Added Net: Name=RX_BTH
Added Pin To Net: NetName=TX_BTH Pin=CON3-2
Added Net: Name=TX_BTH
Add Class Member: Failed to add class member : Component B1 3V Battery
Add Class Member: Failed to add class member : Component C1 100nF
Add Class Member: Failed to add class member : Component C2 4.7uF
Add Class Member: Failed to add class member : Component C3 10uF
Add Class Member: Failed to add class member : Component C4 100nF
Added Member To Class: ClassName=Sheet2 Member=Component C5 CAP 0.1uF
Added Member To Class: ClassName=Sheet2 Member=Component C6 CAP 1uF
Added Member To Class: ClassName=Sheet2 Member=Component CON1 2 Pin Jst Konnektör
Added Member To Class: ClassName=Sheet2 Member=Component CON2 2 Pin Jst Konnektör
Added Member To Class: ClassName=Sheet2 Member=Component CON3 2 Pin Jst Konnektör
Added Member To Class: ClassName=Sheet2 Member=Component CON4 2 Pin Jst Konnektör
Add Class Member: Failed to add class member : Component D1 S3M Diyot
Added Member To Class: ClassName=Sheet2 Member=Component D2 B34 Schotky
Added Member To Class: ClassName=Sheet2 Member=Component IC1 LM317DCYR
Added Member To Class: ClassName=Sheet2 Member=Component KLM1 2 Pin Klemens
Add Class Member: Failed to add class member : Component L1 Led Green
Add Class Member: Failed to add class member : Component L2 Led Green
Added Member To Class: ClassName=Sheet2 Member=Component R1 RES 820R 1206
Added Member To Class: ClassName=Sheet2 Member=Component R2 RES 4.7K 1206
Added Member To Class: ClassName=Sheet2 Member=Component R3 RES 4.7K 1206
Add Class Member: Failed to add class member : Component R4 4.7K
Add Class Member: Failed to add class member : Component R5 4.7K
Add Class Member: Failed to add class member : Component R6 220R
Added Member To Class: ClassName=Sheet2 Member=Component R7 RES 820R 1206
Add Class Member: Failed to add class member : Component R8 RES - 1206
Add Class Member: Failed to add class member : Component R9 RES - 1206
Added Member To Class: ClassName=Sheet2 Member=Component S1 SEN0140
Add Class Member: Failed to add class member : Component S2 MPL3115A2-TH
Add Class Member: Failed to add class member : Component U1 HC-06
Added Member To Class: ClassName=Sheet2 Member=Component U2 L80 GPS
